Log file open, 11/08/20 23:51:17
LogInit: Display: Running engine for game: Assignment3
LogPlatformFile: Not using cached read wrapper
LogTaskGraph: Started task graph with 5 named threads and 35 total threads with 3 sets of task threads.
LogStats: Stats thread started at 0.250869
LogD3D11RHI: Loaded GFSDK_Aftermath_Lib.x64.dll
LogICUInternationalization: ICU TimeZone Detection - Raw Offset: +4:00, Platform Override: ''
LogPluginManager: Mounting plugin Paper2D
LogPluginManager: Mounting plugin AISupport
LogPluginManager: Mounting plugin LightPropagationVolume
LogPluginManager: Mounting plugin CameraShakePreviewer
LogPluginManager: Mounting plugin ActorLayerUtilities
LogPluginManager: Mounting plugin AnimationSharing
LogPluginManager: Mounting plugin CLionSourceCodeAccess
LogPluginManager: Mounting plugin CodeLiteSourceCodeAccess
LogPluginManager: Mounting plugin GitSourceControl
LogPluginManager: Mounting plugin KDevelopSourceCodeAccess
LogPluginManager: Mounting plugin NullSourceCodeAccess
LogPluginManager: Mounting plugin PerforceSourceControl
LogPluginManager: Mounting plugin PlasticSourceControl
LogPluginManager: Mounting plugin RiderSourceCodeAccess
LogPluginManager: Mounting plugin SubversionSourceControl
LogPluginManager: Mounting plugin UObjectPlugin
LogPluginManager: Mounting plugin VisualStudioCodeSourceCodeAccess
LogPluginManager: Mounting plugin VisualStudioSourceCodeAccess
LogPluginManager: Mounting plugin XCodeSourceCodeAccess
LogPluginManager: Mounting plugin AssetManagerEditor
LogPluginManager: Mounting plugin CryptoKeys
LogPluginManager: Mounting plugin CurveEditorTools
LogPluginManager: Mounting plugin DataValidation
LogPluginManager: Mounting plugin EditorScriptingUtilities
LogPluginManager: Mounting plugin FacialAnimation
LogPluginManager: Mounting plugin GameplayTagsEditor
LogPluginManager: Mounting plugin GeometryMode
LogPluginManager: Mounting plugin MacGraphicsSwitching
LogPluginManager: Mounting plugin MaterialAnalyzer
LogPluginManager: Mounting plugin MobileLauncherProfileWizard
LogPluginManager: Mounting plugin PluginBrowser
LogPluginManager: Mounting plugin SpeedTreeImporter
LogPluginManager: Mounting plugin DatasmithContent
LogPluginManager: Mounting plugin VariantManagerContent
LogPluginManager: Mounting plugin AlembicImporter
LogPluginManager: Mounting plugin AutomationUtils
LogPluginManager: Mounting plugin BackChannel
LogPluginManager: Mounting plugin ChaosCloth
LogPluginManager: Mounting plugin ChaosClothEditor
LogPluginManager: Mounting plugin ChaosEditor
LogPluginManager: Mounting plugin ChaosNiagara
LogPluginManager: Mounting plugin ChaosSolverPlugin
LogPluginManager: Mounting plugin CharacterAI
LogPluginManager: Mounting plugin GeometryCache
LogPluginManager: Mounting plugin GeometryCollectionPlugin
LogPluginManager: Mounting plugin GeometryProcessing
LogPluginManager: Mounting plugin PlanarCut
LogPluginManager: Mounting plugin PlatformCrypto
LogPluginManager: Mounting plugin ProxyLODPlugin
LogPluginManager: Mounting plugin SkeletalReduction
LogPluginManager: Mounting plugin Niagara
LogPluginManager: Mounting plugin MagicLeap
LogPluginManager: Mounting plugin MagicLeapLightEstimation
LogPluginManager: Mounting plugin MagicLeapMedia
LogPluginManager: Mounting plugin MagicLeapPassableWorld
LogPluginManager: Mounting plugin MLSDK
LogPluginManager: Mounting plugin AndroidMedia
LogPluginManager: Mounting plugin AvfMedia
LogPluginManager: Mounting plugin ImgMedia
LogPluginManager: Mounting plugin MediaCompositing
LogPluginManager: Mounting plugin MediaPlayerEditor
LogPluginManager: Mounting plugin WebMMedia
LogPluginManager: Mounting plugin WmfMedia
LogPluginManager: Mounting plugin MeshPainting
LogPluginManager: Mounting plugin TcpMessaging
LogPluginManager: Mounting plugin UdpMessaging
LogPluginManager: Mounting plugin ActorSequence
LogPluginManager: Mounting plugin LevelSequenceEditor
LogPluginManager: Mounting plugin MatineeToLevelSequence
LogPluginManager: Mounting plugin MovieRenderPipeline
LogPluginManager: Mounting plugin TemplateSequence
LogPluginManager: Mounting plugin NetcodeUnitTest
LogPluginManager: Mounting plugin NUTUnrealEngine4
LogPluginManager: Mounting plugin OnlineSubsystemGooglePlay
LogPluginManager: Mounting plugin OnlineSubsystemIOS
LogPluginManager: Mounting plugin OnlineSubsystem
LogPluginManager: Mounting plugin OnlineSubsystemNull
LogPluginManager: Mounting plugin OnlineSubsystemUtils
LogPluginManager: Mounting plugin LauncherChunkInstaller
LogPluginManager: Mounting plugin AndroidDeviceProfileSelector
LogPluginManager: Mounting plugin AndroidMoviePlayer
LogPluginManager: Mounting plugin AndroidPermission
LogPluginManager: Mounting plugin AppleImageUtils
LogPluginManager: Mounting plugin AppleMoviePlayer
LogPluginManager: Mounting plugin ArchVisCharacter
LogPluginManager: Mounting plugin AssetTags
LogPluginManager: Mounting plugin AudioCapture
LogPluginManager: Mounting plugin CableComponent
LogPluginManager: Mounting plugin CustomMeshComponent
LogPluginManager: Mounting plugin EditableMesh
LogPluginManager: Mounting plugin ExampleDeviceProfileSelector
LogPluginManager: Mounting plugin GoogleCloudMessaging
LogPluginManager: Mounting plugin GooglePAD
LogPluginManager: Mounting plugin IOSDeviceProfileSelector
LogPluginManager: Mounting plugin LinuxDeviceProfileSelector
LogPluginManager: Mounting plugin LocationServicesBPLibrary
LogPluginManager: Mounting plugin MobilePatchingUtils
LogPluginManager: Mounting plugin OculusVR
LogPluginManager: Mounting plugin PhysXVehicles
LogPluginManager: Mounting plugin PostSplashScreen
LogPluginManager: Mounting plugin ProceduralMeshComponent
LogPluginManager: Mounting plugin RuntimePhysXCooking
LogPluginManager: Mounting plugin SignificanceManager
LogPluginManager: Mounting plugin SoundFields
LogPluginManager: Mounting plugin SteamVR
LogPluginManager: Mounting plugin Synthesis
LogPluginManager: Mounting plugin WebMMoviePlayer
LogPluginManager: Mounting plugin WindowsMoviePlayer
LogPluginManager: Mounting plugin ScreenshotTools
LogInit: Using libcurl 7.55.1-DEV
LogInit:  - built for x86_64-pc-win32
LogInit:  - supports SSL with OpenSSL/1.1.1
LogInit:  - supports HTTP deflate (compression) using libz 1.2.8
LogInit:  - other features:
LogInit:      CURL_VERSION_SSL
LogInit:      CURL_VERSION_LIBZ
LogInit:      CURL_VERSION_IPV6
LogInit:      CURL_VERSION_ASYNCHDNS
LogInit:      CURL_VERSION_LARGEFILE
LogInit:      CURL_VERSION_IDN
LogInit:  CurlRequestOptions (configurable via config and command line):
LogInit:  - bVerifyPeer = true  - Libcurl will verify peer certificate
LogInit:  - bUseHttpProxy = false  - Libcurl will NOT use HTTP proxy
LogInit:  - bDontReuseConnections = false  - Libcurl will reuse connections
LogInit:  - MaxHostConnections = 16  - Libcurl will limit the number of connections to a host
LogInit:  - LocalHostAddr = Default
LogInit:  - BufferSize = 65536
LogOnline: OSS: Creating online subsystem instance for: NULL
LogInit: WinSock: version 1.1 (2.2), MaxSocks=32767, MaxUdp=65467
LogOnline: OSS: TryLoadSubsystemAndSetDefault: Loaded subsystem for module [NULL]
LogInit: Build: ++UE4+Release-4.25-CL-14469661
LogInit: Engine Version: 4.25.4-14469661+++UE4+Release-4.25
LogInit: Compatible Engine Version: 4.25.0-13144385+++UE4+Release-4.25
LogInit: Net CL: 13144385
LogInit: OS: Windows 10 (Release 1909) (), CPU: Intel(R) Core(TM) i7-9750H CPU @ 2.60GHz, GPU: Intel(R) UHD Graphics 630
LogInit: Compiled (64-bit): Oct 11 2020 08:10:49
LogInit: Compiled with Visual C++: 19.24.28315.00
LogInit: Build Configuration: Development
LogInit: Branch Name: ++UE4+Release-4.25
LogInit: Command Line: 
LogInit: Base Directory: D:/Softwares/Epic Games/Unreal Engine/UE_4.25/Engine/Binaries/Win64/
LogInit: Allocator: TBB
LogInit: Installed Engine Build: 1
LogDevObjectVersion: Number of dev versions registered: 26
LogDevObjectVersion:   Dev-Blueprints (B0D832E4-1F89-4F0D-ACCF-7EB736FD4AA2): 10
LogDevObjectVersion:   Dev-Build (E1C64328-A22C-4D53-A36C-8E866417BD8C): 0
LogDevObjectVersion:   Dev-Core (375EC13C-06E4-48FB-B500-84F0262A717E): 4
LogDevObjectVersion:   Dev-Editor (E4B068ED-F494-42E9-A231-DA0B2E46BB41): 38
LogDevObjectVersion:   Dev-Framework (CFFC743F-43B0-4480-9391-14DF171D2073): 37
LogDevObjectVersion:   Dev-Mobile (B02B49B5-BB20-44E9-A304-32B752E40360): 2
LogDevObjectVersion:   Dev-Networking (A4E4105C-59A1-49B5-A7C5-40C4547EDFEE): 0
LogDevObjectVersion:   Dev-Online (39C831C9-5AE6-47DC-9A44-9C173E1C8E7C): 0
LogDevObjectVersion:   Dev-Physics (78F01B33-EBEA-4F98-B9B4-84EACCB95AA2): 4
LogDevObjectVersion:   Dev-Platform (6631380F-2D4D-43E0-8009-CF276956A95A): 0
LogDevObjectVersion:   Dev-Rendering (12F88B9F-8875-4AFC-A67C-D90C383ABD29): 43
LogDevObjectVersion:   Dev-Sequencer (7B5AE74C-D270-4C10-A958-57980B212A5A): 12
LogDevObjectVersion:   Dev-VR (D7296918-1DD6-4BDD-9DE2-64A83CC13884): 3
LogDevObjectVersion:   Dev-LoadTimes (C2A15278-BFE7-4AFE-6C17-90FF531DF755): 1
LogDevObjectVersion:   Private-Geometry (6EACA3D4-40EC-4CC1-B786-8BED09428FC5): 3
LogDevObjectVersion:   Dev-AnimPhys (29E575DD-E0A3-4627-9D10-D276232CDCEA): 17
LogDevObjectVersion:   Dev-Anim (AF43A65D-7FD3-4947-9873-3E8ED9C1BB05): 7
LogDevObjectVersion:   Dev-ReflectionCapture (6B266CEC-1EC7-4B8F-A30B-E4D90942FC07): 1
LogDevObjectVersion:   Dev-Automation (0DF73D61-A23F-47EA-B727-89E90C41499A): 1
LogDevObjectVersion:   FortniteMain (601D1886-AC64-4F84-AA16-D3DE0DEAC7D6): 31
LogDevObjectVersion:   Dev-Enterprise (9DFFBCD6-494F-0158-E221-12823C92A888): 10
LogDevObjectVersion:   Dev-Niagara (F2AED0AC-9AFE-416F-8664-AA7FFA26D6FC): 1
LogDevObjectVersion:   Dev-Destruction (174F1F0B-B4C6-45A5-B13F-2EE8D0FB917D): 10
LogDevObjectVersion:   Dev-Physics-Ext (35F94A83-E258-406C-A318-09F59610247C): 37
LogDevObjectVersion:   Dev-PhysicsMaterial-Chaos (B68FC16E-8B1B-42E2-B453-215C058844FE): 1
LogDevObjectVersion:   Dev-CineCamera (B2E18506-4273-CFC2-A54E-F4BB758BBA07): 1
LogInit: Presizing for max 25165824 objects, including 0 objects not considered by GC, pre-allocating 0 bytes for permanent pool.
LogConfig: Applying CVar settings from Section [/Script/Engine.StreamingSettings] File [D:/Keshav/UOWD/346/Assignments/3DGame/Assignment3/Saved/Config/Windows/Engine.ini]
LogConfig: Setting CVar [[s.MinBulkDataSizeForAsyncLoading:131072]]
LogConfig: Setting CVar [[s.AsyncLoadingThreadEnabled:0]]
LogConfig: Setting CVar [[s.EventDrivenLoaderEnabled:1]]
LogConfig: Setting CVar [[s.WarnIfTimeLimitExceeded:0]]
LogConfig: Setting CVar [[s.TimeLimitExceededMultiplier:1.5]]
LogConfig: Setting CVar [[s.TimeLimitExceededMinTime:0.005]]
LogConfig: Setting CVar [[s.UseBackgroundLevelStreaming:1]]
LogConfig: Setting CVar [[s.PriorityAsyncLoadingExtraTime:15.0]]
LogConfig: Setting CVar [[s.LevelStreamingActorsUpdateTimeLimit:5.0]]
LogConfig: Setting CVar [[s.PriorityLevelStreamingActorsUpdateExtraTime:5.0]]
LogConfig: Setting CVar [[s.LevelStreamingComponentsRegistrationGranularity:10]]
LogConfig: Setting CVar [[s.UnregisterComponentsTimeLimit:1.0]]
LogConfig: Setting CVar [[s.LevelStreamingComponentsUnregistrationGranularity:5]]
LogConfig: Setting CVar [[s.FlushStreamingOnExit:1]]
LogInit: Object subsystem initialized
LogConfig: Setting CVar [[con.DebugEarlyDefault:1]]
LogConfig: Setting CVar [[r.setres:1280x720]]
[2020.11.08-19.51.18:185][  0]LogConfig: Setting CVar [[r.VSync:0]]
[2020.11.08-19.51.18:185][  0]LogConfig: Setting CVar [[r.RHICmdBypass:0]]
[2020.11.08-19.51.18:185][  0]LogConfig: Applying CVar settings from Section [/Script/Engine.RendererSettings] File [D:/Keshav/UOWD/346/Assignments/3DGame/Assignment3/Saved/Config/Windows/Engine.ini]
[2020.11.08-19.51.18:186][  0]LogConfig: Setting CVar [[r.GPUCrashDebugging:0]]
[2020.11.08-19.51.18:186][  0]LogConfig: Applying CVar settings from Section [/Script/Engine.RendererOverrideSettings] File [D:/Keshav/UOWD/346/Assignments/3DGame/Assignment3/Saved/Config/Windows/Engine.ini]
[2020.11.08-19.51.18:186][  0]LogConfig: Applying CVar settings from Section [/Script/Engine.StreamingSettings] File [D:/Keshav/UOWD/346/Assignments/3DGame/Assignment3/Saved/Config/Windows/Engine.ini]
[2020.11.08-19.51.18:186][  0]LogConfig: Setting CVar [[s.MinBulkDataSizeForAsyncLoading:131072]]
[2020.11.08-19.51.18:186][  0]LogConfig: Setting CVar [[s.AsyncLoadingThreadEnabled:0]]
[2020.11.08-19.51.18:186][  0]LogConfig: Setting CVar [[s.EventDrivenLoaderEnabled:1]]
[2020.11.08-19.51.18:186][  0]LogConfig: Setting CVar [[s.WarnIfTimeLimitExceeded:0]]
[2020.11.08-19.51.18:186][  0]LogConfig: Setting CVar [[s.TimeLimitExceededMultiplier:1.5]]
[2020.11.08-19.51.18:186][  0]LogConfig: Setting CVar [[s.TimeLimitExceededMinTime:0.005]]
[2020.11.08-19.51.18:186][  0]LogConfig: Setting CVar [[s.UseBackgroundLevelStreaming:1]]
[2020.11.08-19.51.18:186][  0]LogConfig: Setting CVar [[s.PriorityAsyncLoadingExtraTime:15.0]]
[2020.11.08-19.51.18:186][  0]LogConfig: Setting CVar [[s.LevelStreamingActorsUpdateTimeLimit:5.0]]
[2020.11.08-19.51.18:186][  0]LogConfig: Setting CVar [[s.PriorityLevelStreamingActorsUpdateExtraTime:5.0]]
[2020.11.08-19.51.18:186][  0]LogConfig: Setting CVar [[s.LevelStreamingComponentsRegistrationGranularity:10]]
[2020.11.08-19.51.18:186][  0]LogConfig: Setting CVar [[s.UnregisterComponentsTimeLimit:1.0]]
[2020.11.08-19.51.18:186][  0]LogConfig: Setting CVar [[s.LevelStreamingComponentsUnregistrationGranularity:5]]
[2020.11.08-19.51.18:186][  0]LogConfig: Setting CVar [[s.FlushStreamingOnExit:1]]
[2020.11.08-19.51.18:186][  0]LogConfig: Applying CVar settings from Section [/Script/Engine.GarbageCollectionSettings] File [D:/Keshav/UOWD/346/Assignments/3DGame/Assignment3/Saved/Config/Windows/Engine.ini]
[2020.11.08-19.51.18:186][  0]LogConfig: Setting CVar [[gc.MaxObjectsNotConsideredByGC:1]]
[2020.11.08-19.51.18:186][  0]LogConfig: Setting CVar [[gc.SizeOfPermanentObjectPool:0]]
[2020.11.08-19.51.18:186][  0]LogConfig: Setting CVar [[gc.FlushStreamingOnGC:0]]
[2020.11.08-19.51.18:186][  0]LogConfig: Setting CVar [[gc.NumRetriesBeforeForcingGC:10]]
[2020.11.08-19.51.18:186][  0]LogConfig: Setting CVar [[gc.AllowParallelGC:1]]
[2020.11.08-19.51.18:186][  0]LogConfig: Setting CVar [[gc.TimeBetweenPurgingPendingKillObjects:61.1]]
[2020.11.08-19.51.18:186][  0]LogConfig: Setting CVar [[gc.MaxObjectsInEditor:25165824]]
[2020.11.08-19.51.18:186][  0]LogConfig: Setting CVar [[gc.IncrementalBeginDestroyEnabled:1]]
[2020.11.08-19.51.18:186][  0]LogConfig: Setting CVar [[gc.CreateGCClusters:1]]
[2020.11.08-19.51.18:186][  0]LogConfig: Setting CVar [[gc.MinGCClusterSize:5]]
[2020.11.08-19.51.18:186][  0]LogConfig: Setting CVar [[gc.ActorClusteringEnabled:0]]
[2020.11.08-19.51.18:186][  0]LogConfig: Setting CVar [[gc.BlueprintClusteringEnabled:0]]
[2020.11.08-19.51.18:186][  0]LogConfig: Setting CVar [[gc.UseDisregardForGCOnDedicatedServers:0]]
[2020.11.08-19.51.18:186][  0]LogConfig: Applying CVar settings from Section [/Script/Engine.NetworkSettings] File [D:/Keshav/UOWD/346/Assignments/3DGame/Assignment3/Saved/Config/Windows/Engine.ini]
[2020.11.08-19.51.18:186][  0]LogConfig: Applying CVar settings from Section [/Script/UnrealEd.CookerSettings] File [D:/Keshav/UOWD/346/Assignments/3DGame/Assignment3/Saved/Config/Windows/Engine.ini]
[2020.11.08-19.51.18:192][  0]LogConfig: Applying CVar settings from Section [ViewDistanceQuality@3] File [D:/Keshav/UOWD/346/Assignments/3DGame/Assignment3/Saved/Config/Windows/Scalability.ini]
[2020.11.08-19.51.18:192][  0]LogConfig: Setting CVar [[r.SkeletalMeshLODBias:0]]
[2020.11.08-19.51.18:192][  0]LogConfig: Setting CVar [[r.ViewDistanceScale:1.0]]
[2020.11.08-19.51.18:192][  0]LogConfig: Applying CVar settings from Section [AntiAliasingQuality@3] File [D:/Keshav/UOWD/346/Assignments/3DGame/Assignment3/Saved/Config/Windows/Scalability.ini]
[2020.11.08-19.51.18:192][  0]LogConfig: Setting CVar [[r.PostProcessAAQuality:4]]
[2020.11.08-19.51.18:192][  0]LogConfig: Applying CVar settings from Section [ShadowQuality@3] File [D:/Keshav/UOWD/346/Assignments/3DGame/Assignment3/Saved/Config/Windows/Scalability.ini]
[2020.11.08-19.51.18:192][  0]LogConfig: Setting CVar [[r.LightFunctionQuality:1]]
[2020.11.08-19.51.18:192][  0]LogConfig: Setting CVar [[r.ShadowQuality:5]]
[2020.11.08-19.51.18:192][  0]LogConfig: Setting CVar [[r.Shadow.CSM.MaxCascades:10]]
[2020.11.08-19.51.18:192][  0]LogConfig: Setting CVar [[r.Shadow.MaxResolution:2048]]
[2020.11.08-19.51.18:192][  0]LogConfig: Setting CVar [[r.Shadow.MaxCSMResolution:2048]]
[2020.11.08-19.51.18:192][  0]LogConfig: Setting CVar [[r.Shadow.RadiusThreshold:0.01]]
[2020.11.08-19.51.18:192][  0]LogConfig: Setting CVar [[r.Shadow.DistanceScale:1.0]]
[2020.11.08-19.51.18:192][  0]LogConfig: Setting CVar [[r.Shadow.CSM.TransitionScale:1.0]]
[2020.11.08-19.51.18:192][  0]LogConfig: Setting CVar [[r.Shadow.PreShadowResolutionFactor:1.0]]
[2020.11.08-19.51.18:192][  0]LogConfig: Setting CVar [[r.DistanceFieldShadowing:1]]
[2020.11.08-19.51.18:192][  0]LogConfig: Setting CVar [[r.DistanceFieldAO:1]]
[2020.11.08-19.51.18:192][  0]LogConfig: Setting CVar [[r.AOQuality:2]]
[2020.11.08-19.51.18:192][  0]LogConfig: Setting CVar [[r.VolumetricFog:1]]
[2020.11.08-19.51.18:192][  0]LogConfig: Setting CVar [[r.VolumetricFog.GridPixelSize:8]]
[2020.11.08-19.51.18:192][  0]LogConfig: Setting CVar [[r.VolumetricFog.GridSizeZ:128]]
[2020.11.08-19.51.18:193][  0]LogConfig: Setting CVar [[r.VolumetricFog.HistoryMissSupersampleCount:4]]
[2020.11.08-19.51.18:193][  0]LogConfig: Setting CVar [[r.LightMaxDrawDistanceScale:1]]
[2020.11.08-19.51.18:193][  0]LogConfig: Setting CVar [[r.CapsuleShadows:1]]
[2020.11.08-19.51.18:193][  0]LogConfig: Applying CVar settings from Section [PostProcessQuality@3] File [D:/Keshav/UOWD/346/Assignments/3DGame/Assignment3/Saved/Config/Windows/Scalability.ini]
[2020.11.08-19.51.18:193][  0]LogConfig: Setting CVar [[r.MotionBlurQuality:4]]
[2020.11.08-19.51.18:193][  0]LogConfig: Setting CVar [[r.AmbientOcclusionMipLevelFactor:0.4]]
[2020.11.08-19.51.18:193][  0]LogConfig: Setting CVar [[r.AmbientOcclusionMaxQuality:100]]
[2020.11.08-19.51.18:193][  0]LogConfig: Setting CVar [[r.AmbientOcclusionLevels:-1]]
[2020.11.08-19.51.18:193][  0]LogConfig: Setting CVar [[r.AmbientOcclusionRadiusScale:1.0]]
[2020.11.08-19.51.18:193][  0]LogConfig: Setting CVar [[r.DepthOfFieldQuality:2]]
[2020.11.08-19.51.18:193][  0]LogConfig: Setting CVar [[r.RenderTargetPoolMin:400]]
[2020.11.08-19.51.18:193][  0]LogConfig: Setting CVar [[r.LensFlareQuality:2]]
[2020.11.08-19.51.18:193][  0]LogConfig: Setting CVar [[r.SceneColorFringeQuality:1]]
[2020.11.08-19.51.18:193][  0]LogConfig: Setting CVar [[r.EyeAdaptationQuality:2]]
[2020.11.08-19.51.18:193][  0]LogConfig: Setting CVar [[r.BloomQuality:5]]
[2020.11.08-19.51.18:193][  0]LogConfig: Setting CVar [[r.FastBlurThreshold:100]]
[2020.11.08-19.51.18:193][  0]LogConfig: Setting CVar [[r.Upscale.Quality:3]]
[2020.11.08-19.51.18:193][  0]LogConfig: Setting CVar [[r.Tonemapper.GrainQuantization:1]]
[2020.11.08-19.51.18:193][  0]LogConfig: Setting CVar [[r.LightShaftQuality:1]]
[2020.11.08-19.51.18:193][  0]LogConfig: Setting CVar [[r.Filter.SizeScale:1]]
[2020.11.08-19.51.18:193][  0]LogConfig: Setting CVar [[r.Tonemapper.Quality:5]]
[2020.11.08-19.51.18:193][  0]LogConfig: Setting CVar [[r.DOF.Gather.AccumulatorQuality:1        ; higher gathering accumulator quality]]
[2020.11.08-19.51.18:193][  0]LogConfig: Setting CVar [[r.DOF.Gather.PostfilterMethod:1          ; Median3x3 postfilering method]]
[2020.11.08-19.51.18:193][  0]LogConfig: Setting CVar [[r.DOF.Gather.EnableBokehSettings:0       ; no bokeh simulation when gathering]]
[2020.11.08-19.51.18:193][  0]LogConfig: Setting CVar [[r.DOF.Gather.RingCount:4                 ; medium number of samples when gathering]]
[2020.11.08-19.51.18:193][  0]LogConfig: Setting CVar [[r.DOF.Scatter.ForegroundCompositing:1    ; additive foreground scattering]]
[2020.11.08-19.51.18:193][  0]LogConfig: Setting CVar [[r.DOF.Scatter.BackgroundCompositing:2    ; additive background scattering]]
[2020.11.08-19.51.18:193][  0]LogConfig: Setting CVar [[r.DOF.Scatter.EnableBokehSettings:1      ; bokeh simulation when scattering]]
[2020.11.08-19.51.18:193][  0]LogConfig: Setting CVar [[r.DOF.Scatter.MaxSpriteRatio:0.1         ; only a maximum of 10% of scattered bokeh]]
[2020.11.08-19.51.18:193][  0]LogConfig: Setting CVar [[r.DOF.Recombine.Quality:1                ; cheap slight out of focus]]
[2020.11.08-19.51.18:193][  0]LogConfig: Setting CVar [[r.DOF.Recombine.EnableBokehSettings:0    ; no bokeh simulation on slight out of focus]]
[2020.11.08-19.51.18:193][  0]LogConfig: Setting CVar [[r.DOF.TemporalAAQuality:1                ; more stable temporal accumulation]]
[2020.11.08-19.51.18:193][  0]LogConfig: Setting CVar [[r.DOF.Kernel.MaxForegroundRadius:0.025]]
[2020.11.08-19.51.18:193][  0]LogConfig: Setting CVar [[r.DOF.Kernel.MaxBackgroundRadius:0.025]]
[2020.11.08-19.51.18:193][  0]LogConfig: Applying CVar settings from Section [TextureQuality@3] File [D:/Keshav/UOWD/346/Assignments/3DGame/Assignment3/Saved/Config/Windows/Scalability.ini]
[2020.11.08-19.51.18:193][  0]LogConfig: Setting CVar [[r.Streaming.MipBias:0]]
[2020.11.08-19.51.18:193][  0]LogConfig: Setting CVar [[r.Streaming.AmortizeCPUToGPUCopy:0]]
[2020.11.08-19.51.18:193][  0]LogConfig: Setting CVar [[r.Streaming.MaxNumTexturesToStreamPerFrame:0]]
[2020.11.08-19.51.18:193][  0]LogConfig: Setting CVar [[r.Streaming.Boost:1]]
[2020.11.08-19.51.18:193][  0]LogConfig: Setting CVar [[r.MaxAnisotropy:8]]
[2020.11.08-19.51.18:193][  0]LogConfig: Setting CVar [[r.VT.MaxAnisotropy:8]]
[2020.11.08-19.51.18:193][  0]LogConfig: Setting CVar [[r.Streaming.LimitPoolSizeToVRAM:0]]
[2020.11.08-19.51.18:193][  0]LogConfig: Setting CVar [[r.Streaming.PoolSize:1000]]
[2020.11.08-19.51.18:193][  0]LogConfig: Setting CVar [[r.Streaming.MaxEffectiveScreenSize:0]]
[2020.11.08-19.51.18:193][  0]LogConfig: Applying CVar settings from Section [EffectsQuality@3] File [D:/Keshav/UOWD/346/Assignments/3DGame/Assignment3/Saved/Config/Windows/Scalability.ini]
[2020.11.08-19.51.18:193][  0]LogConfig: Setting CVar [[r.TranslucencyLightingVolumeDim:64]]
[2020.11.08-19.51.18:193][  0]LogConfig: Setting CVar [[r.RefractionQuality:2]]
[2020.11.08-19.51.18:193][  0]LogConfig: Setting CVar [[r.SSR.Quality:3]]
[2020.11.08-19.51.18:193][  0]LogConfig: Setting CVar [[r.SSR.HalfResSceneColor:0]]
[2020.11.08-19.51.18:193][  0]LogConfig: Setting CVar [[r.SceneColorFormat:4]]
[2020.11.08-19.51.18:193][  0]LogConfig: Setting CVar [[r.DetailMode:2]]
[2020.11.08-19.51.18:193][  0]LogConfig: Setting CVar [[r.TranslucencyVolumeBlur:1]]
[2020.11.08-19.51.18:194][  0]LogConfig: Setting CVar [[r.MaterialQualityLevel:1 ; High quality]]
[2020.11.08-19.51.18:194][  0]LogConfig: Setting CVar [[r.SSS.Scale:1]]
[2020.11.08-19.51.18:194][  0]LogConfig: Setting CVar [[r.SSS.SampleSet:2]]
[2020.11.08-19.51.18:194][  0]LogConfig: Setting CVar [[r.SSS.Quality:1]]
[2020.11.08-19.51.18:194][  0]LogConfig: Setting CVar [[r.SSS.HalfRes:0]]
[2020.11.08-19.51.18:194][  0]LogConfig: Setting CVar [[r.SSGI.Quality:3]]
[2020.11.08-19.51.18:194][  0]LogConfig: Setting CVar [[r.EmitterSpawnRateScale:1.0]]
[2020.11.08-19.51.18:194][  0]LogConfig: Setting CVar [[r.ParticleLightQuality:2]]
[2020.11.08-19.51.18:194][  0]LogConfig: Setting CVar [[r.SkyAtmosphere.AerialPerspectiveLUT.FastApplyOnOpaque:1 ; Always have FastSkyLUT 1 in this case to avoid wrong sky]]
[2020.11.08-19.51.18:194][  0]LogConfig: Setting CVar [[r.SkyAtmosphere.AerialPerspectiveLUT.SampleCountPerSlice:1]]
[2020.11.08-19.51.18:194][  0]LogConfig: Setting CVar [[r.SkyAtmosphere.AerialPerspectiveLUT.DepthResolution:16.0]]
[2020.11.08-19.51.18:194][  0]LogConfig: Setting CVar [[r.SkyAtmosphere.FastSkyLUT:1]]
[2020.11.08-19.51.18:194][  0]LogConfig: Setting CVar [[r.SkyAtmosphere.FastSkyLUT.SampleCountMin:4.0]]
[2020.11.08-19.51.18:194][  0]LogConfig: Setting CVar [[r.SkyAtmosphere.FastSkyLUT.SampleCountMax:32.0]]
[2020.11.08-19.51.18:194][  0]LogConfig: Setting CVar [[r.SkyAtmosphere.SampleCountMin:4.0]]
[2020.11.08-19.51.18:194][  0]LogConfig: Setting CVar [[r.SkyAtmosphere.SampleCountMax:32.0]]
[2020.11.08-19.51.18:194][  0]LogConfig: Setting CVar [[r.SkyAtmosphere.TransmittanceLUT.UseSmallFormat:0]]
[2020.11.08-19.51.18:194][  0]LogConfig: Setting CVar [[r.SkyAtmosphere.TransmittanceLUT.SampleCount:10.0]]
[2020.11.08-19.51.18:194][  0]LogConfig: Setting CVar [[r.SkyAtmosphere.MultiScatteringLUT.SampleCount:15.0]]
[2020.11.08-19.51.18:194][  0]LogConfig: Applying CVar settings from Section [FoliageQuality@3] File [D:/Keshav/UOWD/346/Assignments/3DGame/Assignment3/Saved/Config/Windows/Scalability.ini]
[2020.11.08-19.51.18:194][  0]LogConfig: Setting CVar [[foliage.DensityScale:1.0]]
[2020.11.08-19.51.18:194][  0]LogConfig: Setting CVar [[grass.DensityScale:1.0]]
[2020.11.08-19.51.18:194][  0]LogConfig: Applying CVar settings from Section [ShadingQuality@3] File [D:/Keshav/UOWD/346/Assignments/3DGame/Assignment3/Saved/Config/Windows/Scalability.ini]
[2020.11.08-19.51.18:194][  0]LogConfig: Setting CVar [[r.HairStrands.SkyLighting.SampleCount:16]]
[2020.11.08-19.51.18:194][  0]LogConfig: Setting CVar [[r.HairStrands.SkyLighting.JitterIntegration:0]]
[2020.11.08-19.51.18:194][  0]LogConfig: Setting CVar [[r.HairStrands.SkyAO.SampleCount:16]]
[2020.11.08-19.51.18:194][  0]LogConfig: Setting CVar [[r.HairStrands.DeepShadow.SuperSampling:0]]
[2020.11.08-19.51.18:194][  0]LogConfig: Setting CVar [[r.HairStrands.VisibilityPPLL:0]]
[2020.11.08-19.51.18:194][  0]LogConfig: Setting CVar [[r.HairStrands.RasterizationScale:0.5]]
[2020.11.08-19.51.18:194][  0]LogConfig: Setting CVar [[r.HairStrands.VelocityRasterizationScale:1]]
[2020.11.08-19.51.18:194][  0]LogInit: Selected Device Profile: [Windows]
[2020.11.08-19.51.18:194][  0]LogInit: Applying CVar settings loaded from the selected device profile: [Windows]
[2020.11.08-19.51.18:194][  0]LogHAL: Display: Platform has ~ 16 GB [17022201856 / 17179869184 / 16], which maps to Larger [LargestMinGB=32, LargerMinGB=12, DefaultMinGB=8, SmallerMinGB=6, SmallestMinGB=0)
[2020.11.08-19.51.18:194][  0]LogInit: Going up to parent DeviceProfile []
[2020.11.08-19.51.18:194][  0]LogConfig: Applying CVar settings from Section [ViewDistanceQuality@3] File [D:/Keshav/UOWD/346/Assignments/3DGame/Assignment3/Saved/Config/Windows/Scalability.ini]
[2020.11.08-19.51.18:194][  0]LogConfig: Setting CVar [[r.SkeletalMeshLODBias:0]]
[2020.11.08-19.51.18:194][  0]LogConfig: Setting CVar [[r.ViewDistanceScale:1.0]]
[2020.11.08-19.51.18:194][  0]LogConfig: Applying CVar settings from Section [AntiAliasingQuality@3] File [D:/Keshav/UOWD/346/Assignments/3DGame/Assignment3/Saved/Config/Windows/Scalability.ini]
[2020.11.08-19.51.18:194][  0]LogConfig: Setting CVar [[r.PostProcessAAQuality:4]]
[2020.11.08-19.51.18:194][  0]LogConfig: Applying CVar settings from Section [ShadowQuality@3] File [D:/Keshav/UOWD/346/Assignments/3DGame/Assignment3/Saved/Config/Windows/Scalability.ini]
[2020.11.08-19.51.18:194][  0]LogConfig: Setting CVar [[r.LightFunctionQuality:1]]
[2020.11.08-19.51.18:194][  0]LogConfig: Setting CVar [[r.ShadowQuality:5]]
[2020.11.08-19.51.18:195][  0]LogConfig: Setting CVar [[r.Shadow.CSM.MaxCascades:10]]
[2020.11.08-19.51.18:195][  0]LogConfig: Setting CVar [[r.Shadow.MaxResolution:2048]]
[2020.11.08-19.51.18:195][  0]LogConfig: Setting CVar [[r.Shadow.MaxCSMResolution:2048]]
[2020.11.08-19.51.18:195][  0]LogConfig: Setting CVar [[r.Shadow.RadiusThreshold:0.01]]
[2020.11.08-19.51.18:195][  0]LogConfig: Setting CVar [[r.Shadow.DistanceScale:1.0]]
[2020.11.08-19.51.18:195][  0]LogConfig: Setting CVar [[r.Shadow.CSM.TransitionScale:1.0]]
[2020.11.08-19.51.18:195][  0]LogConfig: Setting CVar [[r.Shadow.PreShadowResolutionFactor:1.0]]
[2020.11.08-19.51.18:195][  0]LogConfig: Setting CVar [[r.DistanceFieldShadowing:1]]
[2020.11.08-19.51.18:195][  0]LogConfig: Setting CVar [[r.DistanceFieldAO:1]]
[2020.11.08-19.51.18:195][  0]LogConfig: Setting CVar [[r.AOQuality:2]]
[2020.11.08-19.51.18:195][  0]LogConfig: Setting CVar [[r.VolumetricFog:1]]
[2020.11.08-19.51.18:195][  0]LogConfig: Setting CVar [[r.VolumetricFog.GridPixelSize:8]]
[2020.11.08-19.51.18:195][  0]LogConfig: Setting CVar [[r.VolumetricFog.GridSizeZ:128]]
[2020.11.08-19.51.18:195][  0]LogConfig: Setting CVar [[r.VolumetricFog.HistoryMissSupersampleCount:4]]
[2020.11.08-19.51.18:195][  0]LogConfig: Setting CVar [[r.LightMaxDrawDistanceScale:1]]
[2020.11.08-19.51.18:195][  0]LogConfig: Setting CVar [[r.CapsuleShadows:1]]
[2020.11.08-19.51.18:195][  0]LogConfig: Applying CVar settings from Section [PostProcessQuality@3] File [D:/Keshav/UOWD/346/Assignments/3DGame/Assignment3/Saved/Config/Windows/Scalability.ini]
[2020.11.08-19.51.18:195][  0]LogConfig: Setting CVar [[r.MotionBlurQuality:4]]
[2020.11.08-19.51.18:195][  0]LogConfig: Setting CVar [[r.AmbientOcclusionMipLevelFactor:0.4]]
[2020.11.08-19.51.18:195][  0]LogConfig: Setting CVar [[r.AmbientOcclusionMaxQuality:100]]
[2020.11.08-19.51.18:195][  0]LogConfig: Setting CVar [[r.AmbientOcclusionLevels:-1]]
[2020.11.08-19.51.18:195][  0]LogConfig: Setting CVar [[r.AmbientOcclusionRadiusScale:1.0]]
[2020.11.08-19.51.18:195][  0]LogConfig: Setting CVar [[r.DepthOfFieldQuality:2]]
[2020.11.08-19.51.18:195][  0]LogConfig: Setting CVar [[r.RenderTargetPoolMin:400]]
[2020.11.08-19.51.18:195][  0]LogConfig: Setting CVar [[r.LensFlareQuality:2]]
[2020.11.08-19.51.18:195][  0]LogConfig: Setting CVar [[r.SceneColorFringeQuality:1]]
[2020.11.08-19.51.18:195][  0]LogConfig: Setting CVar [[r.EyeAdaptationQuality:2]]
[2020.11.08-19.51.18:195][  0]LogConfig: Setting CVar [[r.BloomQuality:5]]
[2020.11.08-19.51.18:195][  0]LogConfig: Setting CVar [[r.FastBlurThreshold:100]]
[2020.11.08-19.51.18:195][  0]LogConfig: Setting CVar [[r.Upscale.Quality:3]]
[2020.11.08-19.51.18:195][  0]LogConfig: Setting CVar [[r.Tonemapper.GrainQuantization:1]]
[2020.11.08-19.51.18:195][  0]LogConfig: Setting CVar [[r.LightShaftQuality:1]]
[2020.11.08-19.51.18:195][  0]LogConfig: Setting CVar [[r.Filter.SizeScale:1]]
[2020.11.08-19.51.18:195][  0]LogConfig: Setting CVar [[r.Tonemapper.Quality:5]]
[2020.11.08-19.51.18:195][  0]LogConfig: Setting CVar [[r.DOF.Gather.AccumulatorQuality:1        ; higher gathering accumulator quality]]
[2020.11.08-19.51.18:195][  0]LogConfig: Setting CVar [[r.DOF.Gather.PostfilterMethod:1          ; Median3x3 postfilering method]]
[2020.11.08-19.51.18:195][  0]LogConfig: Setting CVar [[r.DOF.Gather.EnableBokehSettings:0       ; no bokeh simulation when gathering]]
[2020.11.08-19.51.18:195][  0]LogConfig: Setting CVar [[r.DOF.Gather.RingCount:4                 ; medium number of samples when gathering]]
[2020.11.08-19.51.18:195][  0]LogConfig: Setting CVar [[r.DOF.Scatter.ForegroundCompositing:1    ; additive foreground scattering]]
[2020.11.08-19.51.18:195][  0]LogConfig: Setting CVar [[r.DOF.Scatter.BackgroundCompositing:2    ; additive background scattering]]
[2020.11.08-19.51.18:195][  0]LogConfig: Setting CVar [[r.DOF.Scatter.EnableBokehSettings:1      ; bokeh simulation when scattering]]
[2020.11.08-19.51.18:195][  0]LogConfig: Setting CVar [[r.DOF.Scatter.MaxSpriteRatio:0.1         ; only a maximum of 10% of scattered bokeh]]
[2020.11.08-19.51.18:195][  0]LogConfig: Setting CVar [[r.DOF.Recombine.Quality:1                ; cheap slight out of focus]]
[2020.11.08-19.51.18:195][  0]LogConfig: Setting CVar [[r.DOF.Recombine.EnableBokehSettings:0    ; no bokeh simulation on slight out of focus]]
[2020.11.08-19.51.18:195][  0]LogConfig: Setting CVar [[r.DOF.TemporalAAQuality:1                ; more stable temporal accumulation]]
[2020.11.08-19.51.18:195][  0]LogConfig: Setting CVar [[r.DOF.Kernel.MaxForegroundRadius:0.025]]
[2020.11.08-19.51.18:195][  0]LogConfig: Setting CVar [[r.DOF.Kernel.MaxBackgroundRadius:0.025]]
[2020.11.08-19.51.18:195][  0]LogConfig: Applying CVar settings from Section [TextureQuality@3] File [D:/Keshav/UOWD/346/Assignments/3DGame/Assignment3/Saved/Config/Windows/Scalability.ini]
[2020.11.08-19.51.18:196][  0]LogConfig: Setting CVar [[r.Streaming.MipBias:0]]
[2020.11.08-19.51.18:196][  0]LogConfig: Setting CVar [[r.Streaming.AmortizeCPUToGPUCopy:0]]
[2020.11.08-19.51.18:196][  0]LogConfig: Setting CVar [[r.Streaming.MaxNumTexturesToStreamPerFrame:0]]
[2020.11.08-19.51.18:196][  0]LogConfig: Setting CVar [[r.Streaming.Boost:1]]
[2020.11.08-19.51.18:196][  0]LogConfig: Setting CVar [[r.MaxAnisotropy:8]]
[2020.11.08-19.51.18:196][  0]LogConfig: Setting CVar [[r.VT.MaxAnisotropy:8]]
[2020.11.08-19.51.18:196][  0]LogConfig: Setting CVar [[r.Streaming.LimitPoolSizeToVRAM:0]]
[2020.11.08-19.51.18:196][  0]LogConfig: Setting CVar [[r.Streaming.PoolSize:1000]]
[2020.11.08-19.51.18:196][  0]LogConfig: Setting CVar [[r.Streaming.MaxEffectiveScreenSize:0]]
[2020.11.08-19.51.18:196][  0]LogConfig: Applying CVar settings from Section [EffectsQuality@3] File [D:/Keshav/UOWD/346/Assignments/3DGame/Assignment3/Saved/Config/Windows/Scalability.ini]
[2020.11.08-19.51.18:196][  0]LogConfig: Setting CVar [[r.TranslucencyLightingVolumeDim:64]]
[2020.11.08-19.51.18:196][  0]LogConfig: Setting CVar [[r.RefractionQuality:2]]
[2020.11.08-19.51.18:196][  0]LogConfig: Setting CVar [[r.SSR.Quality:3]]
[2020.11.08-19.51.18:196][  0]LogConfig: Setting CVar [[r.SSR.HalfResSceneColor:0]]
[2020.11.08-19.51.18:196][  0]LogConfig: Setting CVar [[r.SceneColorFormat:4]]
[2020.11.08-19.51.18:196][  0]LogConfig: Setting CVar [[r.DetailMode:2]]
[2020.11.08-19.51.18:196][  0]LogConfig: Setting CVar [[r.TranslucencyVolumeBlur:1]]
[2020.11.08-19.51.18:196][  0]LogConfig: Setting CVar [[r.MaterialQualityLevel:1 ; High quality]]
[2020.11.08-19.51.18:196][  0]LogConfig: Setting CVar [[r.SSS.Scale:1]]
[2020.11.08-19.51.18:196][  0]LogConfig: Setting CVar [[r.SSS.SampleSet:2]]
[2020.11.08-19.51.18:196][  0]LogConfig: Setting CVar [[r.SSS.Quality:1]]
[2020.11.08-19.51.18:196][  0]LogConfig: Setting CVar [[r.SSS.HalfRes:0]]
[2020.11.08-19.51.18:196][  0]LogConfig: Setting CVar [[r.SSGI.Quality:3]]
[2020.11.08-19.51.18:196][  0]LogConfig: Setting CVar [[r.EmitterSpawnRateScale:1.0]]
[2020.11.08-19.51.18:196][  0]LogConfig: Setting CVar [[r.ParticleLightQuality:2]]
[2020.11.08-19.51.18:196][  0]LogConfig: Setting CVar [[r.SkyAtmosphere.AerialPerspectiveLUT.FastApplyOnOpaque:1 ; Always have FastSkyLUT 1 in this case to avoid wrong sky]]
[2020.11.08-19.51.18:196][  0]LogConfig: Setting CVar [[r.SkyAtmosphere.AerialPerspectiveLUT.SampleCountPerSlice:1]]
[2020.11.08-19.51.18:196][  0]LogConfig: Setting CVar [[r.SkyAtmosphere.AerialPerspectiveLUT.DepthResolution:16.0]]
[2020.11.08-19.51.18:196][  0]LogConfig: Setting CVar [[r.SkyAtmosphere.FastSkyLUT:1]]
[2020.11.08-19.51.18:196][  0]LogConfig: Setting CVar [[r.SkyAtmosphere.FastSkyLUT.SampleCountMin:4.0]]
[2020.11.08-19.51.18:196][  0]LogConfig: Setting CVar [[r.SkyAtmosphere.FastSkyLUT.SampleCountMax:32.0]]
[2020.11.08-19.51.18:196][  0]LogConfig: Setting CVar [[r.SkyAtmosphere.SampleCountMin:4.0]]
[2020.11.08-19.51.18:196][  0]LogConfig: Setting CVar [[r.SkyAtmosphere.SampleCountMax:32.0]]
[2020.11.08-19.51.18:196][  0]LogConfig: Setting CVar [[r.SkyAtmosphere.TransmittanceLUT.UseSmallFormat:0]]
[2020.11.08-19.51.18:196][  0]LogConfig: Setting CVar [[r.SkyAtmosphere.TransmittanceLUT.SampleCount:10.0]]
[2020.11.08-19.51.18:196][  0]LogConfig: Setting CVar [[r.SkyAtmosphere.MultiScatteringLUT.SampleCount:15.0]]
[2020.11.08-19.51.18:196][  0]LogConfig: Applying CVar settings from Section [FoliageQuality@3] File [D:/Keshav/UOWD/346/Assignments/3DGame/Assignment3/Saved/Config/Windows/Scalability.ini]
[2020.11.08-19.51.18:196][  0]LogConfig: Setting CVar [[foliage.DensityScale:1.0]]
[2020.11.08-19.51.18:196][  0]LogConfig: Setting CVar [[grass.DensityScale:1.0]]
[2020.11.08-19.51.18:196][  0]LogConfig: Applying CVar settings from Section [ShadingQuality@3] File [D:/Keshav/UOWD/346/Assignments/3DGame/Assignment3/Saved/Config/Windows/Scalability.ini]
[2020.11.08-19.51.18:196][  0]LogConfig: Setting CVar [[r.HairStrands.SkyLighting.SampleCount:16]]
[2020.11.08-19.51.18:196][  0]LogConfig: Setting CVar [[r.HairStrands.SkyLighting.JitterIntegration:0]]
[2020.11.08-19.51.18:196][  0]LogConfig: Setting CVar [[r.HairStrands.SkyAO.SampleCount:16]]
[2020.11.08-19.51.18:196][  0]LogConfig: Setting CVar [[r.HairStrands.DeepShadow.SuperSampling:0]]
[2020.11.08-19.51.18:196][  0]LogConfig: Setting CVar [[r.HairStrands.VisibilityPPLL:0]]
[2020.11.08-19.51.18:196][  0]LogConfig: Setting CVar [[r.HairStrands.RasterizationScale:0.5]]
[2020.11.08-19.51.18:196][  0]LogConfig: Setting CVar [[r.HairStrands.VelocityRasterizationScale:1]]
[2020.11.08-19.51.18:196][  0]LogConfig: Applying CVar settings from Section [Startup] File [../../../Engine/Config/ConsoleVariables.ini]
[2020.11.08-19.51.18:196][  0]LogConfig: Setting CVar [[net.UseAdaptiveNetUpdateFrequency:0]]
[2020.11.08-19.51.18:197][  0]LogConfig: Setting CVar [[p.chaos.AllowCreatePhysxBodies:1]]
[2020.11.08-19.51.18:197][  0]LogConfig: Setting CVar [[fx.SkipVectorVMBackendOptimizations:1]]
[2020.11.08-19.51.18:197][  0]LogConfig: Applying CVar settings from Section [ConsoleVariables] File [D:/Keshav/UOWD/346/Assignments/3DGame/Assignment3/Saved/Config/Windows/Engine.ini]
[2020.11.08-19.51.18:197][  0]LogInit: Computer: LAPTOP-3IK8G2SF
[2020.11.08-19.51.18:197][  0]LogInit: User: kesha
[2020.11.08-19.51.18:197][  0]LogInit: CPU Page size=4096, Cores=6
[2020.11.08-19.51.18:197][  0]LogInit: High frequency timer resolution =10.000000 MHz
[2020.11.08-19.51.18:197][  0]LogMemory: Memory total: Physical=15.9GB (16GB approx)
[2020.11.08-19.51.18:197][  0]LogMemory: Platform Memory Stats for Windows
[2020.11.08-19.51.18:197][  0]LogMemory: Process Physical Memory: 118.83 MB used, 118.84 MB peak
[2020.11.08-19.51.18:197][  0]LogMemory: Process Virtual Memory: 99.18 MB used, 99.18 MB peak
[2020.11.08-19.51.18:197][  0]LogMemory: Physical Memory: 6326.06 MB used,  9907.57 MB free, 16233.64 MB total
[2020.11.08-19.51.18:197][  0]LogMemory: Virtual Memory: 5167.49 MB used,  134212560.00 MB free, 134217728.00 MB total
[2020.11.08-19.51.18:244][  0]LogWindows: WindowsPlatformFeatures enabled
[2020.11.08-19.51.18:303][  0]LogInit: Physics initialised using underlying interface: PhysX
[2020.11.08-19.51.18:305][  0]LogInit: Using OS detected language (en-US).
[2020.11.08-19.51.18:305][  0]LogInit: Using OS detected locale (en-US).
[2020.11.08-19.51.18:307][  0]LogTextLocalizationManager: No specific localization for 'en-US' exists, so the 'en' localization will be used.
[2020.11.08-19.51.18:533][  0]LogInit: Setting process to per monitor DPI aware
[2020.11.08-19.51.18:573][  0]LogSlate: New Slate User Created.  User Index 0, Is Virtual User: 0
[2020.11.08-19.51.18:573][  0]LogSlate: Slate User Registered.  User Index 0, Is Virtual User: 0
[2020.11.08-19.51.18:755][  0]LogHMD: Failed to initialize OpenVR with code 110
[2020.11.08-19.51.18:755][  0]LogD3D11RHI: D3D11 min allowed feature level: 11_0
[2020.11.08-19.51.18:755][  0]LogD3D11RHI: D3D11 max allowed feature level: 11_0
[2020.11.08-19.51.18:755][  0]LogD3D11RHI: D3D11 adapters:
[2020.11.08-19.51.18:830][  0]LogD3D11RHI:    0. 'NVIDIA GeForce RTX 2060' (Feature Level 11_0)
[2020.11.08-19.51.18:830][  0]LogD3D11RHI:       5980/0/8116 MB DedicatedVideo/DedicatedSystem/SharedSystem, Outputs:2, VendorId:0x10de
[2020.11.08-19.51.18:854][  0]LogD3D11RHI:    1. 'Intel(R) UHD Graphics 630' (Feature Level 11_0)
[2020.11.08-19.51.18:854][  0]LogD3D11RHI:       128/0/8116 MB DedicatedVideo/DedicatedSystem/SharedSystem, Outputs:0, VendorId:0x8086
[2020.11.08-19.51.18:856][  0]LogD3D11RHI:    2. 'Microsoft Basic Render Driver' (Feature Level 11_0)
[2020.11.08-19.51.18:856][  0]LogD3D11RHI:       0/0/8116 MB DedicatedVideo/DedicatedSystem/SharedSystem, Outputs:0, VendorId:0x1414
[2020.11.08-19.51.18:856][  0]LogD3D11RHI: Chosen D3D11 Adapter: 0
[2020.11.08-19.51.18:862][  0]LogD3D11RHI: Creating new Direct3DDevice
[2020.11.08-19.51.18:863][  0]LogD3D11RHI:     GPU DeviceId: 0x1f11 (for the marketing name, search the web for "GPU Device Id")
[2020.11.08-19.51.18:863][  0]LogWindows: EnumDisplayDevices:
[2020.11.08-19.51.18:863][  0]LogWindows:    0. 'Intel(R) UHD Graphics 630' (P:1 D:1)
[2020.11.08-19.51.18:863][  0]LogWindows:    1. 'Intel(R) UHD Graphics 630' (P:0 D:0)
[2020.11.08-19.51.18:863][  0]LogWindows:    2. 'Intel(R) UHD Graphics 630' (P:0 D:0)
[2020.11.08-19.51.18:863][  0]LogWindows:    3. 'NVIDIA GeForce RTX 2060' (P:0 D:1)
[2020.11.08-19.51.18:864][  0]LogWindows:    4. 'NVIDIA GeForce RTX 2060' (P:0 D:0)
[2020.11.08-19.51.18:864][  0]LogWindows:    5. 'NVIDIA GeForce RTX 2060' (P:0 D:0)
[2020.11.08-19.51.18:864][  0]LogWindows:    6. 'NVIDIA GeForce RTX 2060' (P:0 D:0)
[2020.11.08-19.51.18:864][  0]LogWindows: DebugString: PrimaryIsNotTheChoosenAdapter PrimaryIsNotTheChoosenAdapter PrimaryIsNotTheChoosenAdapter FoundDriverCount:4 
[2020.11.08-19.51.18:864][  0]LogD3D11RHI:     Adapter Name: NVIDIA GeForce RTX 2060
[2020.11.08-19.51.18:864][  0]LogD3D11RHI:   Driver Version: 456.71 (internal:27.21.14.5671, unified:456.71)
[2020.11.08-19.51.18:864][  0]LogD3D11RHI:      Driver Date: 9-30-2020
[2020.11.08-19.51.18:864][  0]LogRHI: Texture pool is 4186 MB (70% of 5980 MB)
[2020.11.08-19.51.18:910][  0]LogD3D11RHI: RHI has support for 64 bit atomics
[2020.11.08-19.51.18:910][  0]LogD3D11RHI: Async texture creation enabled
[2020.11.08-19.51.18:910][  0]LogD3D11RHI: Array index from any shader is supported
[2020.11.08-19.51.18:933][  0]LogD3D11RHI: GPU Timing Frequency: 1000.000000 (Debug: 2 1)
[2020.11.08-19.51.19:325][  0]LogTargetPlatformManager: Display: Loaded TargetPlatform 'AllDesktop'
[2020.11.08-19.51.19:344][  0]LogTargetPlatformManager: Display: Loaded TargetPlatform 'Android'
[2020.11.08-19.51.19:344][  0]LogTargetPlatformManager: Display: Loaded TargetPlatform 'Android_ASTC'
[2020.11.08-19.51.19:344][  0]LogTargetPlatformManager: Display: Loaded TargetPlatform 'Android_DXT'
[2020.11.08-19.51.19:344][  0]LogTargetPlatformManager: Display: Loaded TargetPlatform 'Android_ETC2'
[2020.11.08-19.51.19:344][  0]LogTargetPlatformManager: Display: Loaded TargetPlatform 'AndroidClient'
[2020.11.08-19.51.19:344][  0]LogTargetPlatformManager: Display: Loaded TargetPlatform 'Android_ASTCClient'
[2020.11.08-19.51.19:344][  0]LogTargetPlatformManager: Display: Loaded TargetPlatform 'Android_DXTClient'
[2020.11.08-19.51.19:344][  0]LogTargetPlatformManager: Display: Loaded TargetPlatform 'Android_ETC2Client'
[2020.11.08-19.51.19:344][  0]LogTargetPlatformManager: Display: Loaded TargetPlatform 'Android_Multi'
[2020.11.08-19.51.19:344][  0]LogTargetPlatformManager: Display: Loaded TargetPlatform 'Android_MultiClient'
[2020.11.08-19.51.19:368][  0]LogTargetPlatformManager: Display: Loaded TargetPlatform 'IOSClient'
[2020.11.08-19.51.19:368][  0]LogTargetPlatformManager: Display: Loaded TargetPlatform 'IOS'
[2020.11.08-19.51.19:379][  0]LogTargetPlatformManager: Display: Loaded TargetPlatform 'Linux'
[2020.11.08-19.51.19:389][  0]LogTargetPlatformManager: Display: Loaded TargetPlatform 'LinuxNoEditor'
[2020.11.08-19.51.19:397][  0]LogTargetPlatformManager: Display: Loaded TargetPlatform 'LinuxClient'
[2020.11.08-19.51.19:411][  0]LogTargetPlatformManager: Display: Loaded TargetPlatform 'LinuxServer'
[2020.11.08-19.51.19:419][  0]LogTargetPlatformManager: Display: Loaded TargetPlatform 'LinuxAArch64NoEditor'
[2020.11.08-19.51.19:427][  0]LogTargetPlatformManager: Display: Loaded TargetPlatform 'LinuxAArch64Client'
[2020.11.08-19.51.19:436][  0]LogTargetPlatformManager: Display: Loaded TargetPlatform 'LinuxAArch64Server'
[2020.11.08-19.51.19:463][  0]LogTargetPlatformManager: Display: Loaded TargetPlatform 'Lumin'
[2020.11.08-19.51.19:463][  0]LogTargetPlatformManager: Display: Loaded TargetPlatform 'LuminClient'
[2020.11.08-19.51.19:477][  0]LogTargetPlatformManager: Display: Loaded TargetPlatform 'TVOSClient'
[2020.11.08-19.51.19:477][  0]LogTargetPlatformManager: Display: Loaded TargetPlatform 'TVOS'
[2020.11.08-19.51.19:488][  0]LogTargetPlatformManager: Display: Loaded TargetPlatform 'WindowsNoEditor'
[2020.11.08-19.51.19:496][  0]LogTargetPlatformManager: Display: Loaded TargetPlatform 'Windows'
[2020.11.08-19.51.19:504][  0]LogTargetPlatformManager: Display: Loaded TargetPlatform 'WindowsClient'
[2020.11.08-19.51.19:515][  0]LogTargetPlatformManager: Display: Loaded TargetPlatform 'WindowsServer'
[2020.11.08-19.51.19:515][  0]LogTargetPlatformManager: Display: Building Assets For Windows
[2020.11.08-19.51.19:522][  0]LogAudioDebug: Display: Lib vorbis DLL was dynamically loaded.
[2020.11.08-19.51.19:580][  0]LogShaderCompilers: Guid format shader working directory is -22 characters bigger than the processId version (../../../../../../../Keshav/UOWD/346/Assignments/3DGame/Assignment3/Intermediate/Shaders/WorkingDirectory/15804/).
[2020.11.08-19.51.19:580][  0]LogShaderCompilers: Cleaned the shader compiler working directory 'C:/Users/kesha/AppData/Local/Temp/UnrealShaderWorkingDir/BB5A32AF47F02C86AABBF3A5019BE156/'.
[2020.11.08-19.51.19:581][  0]LogXGEController: Cleaning working directory: C:/Users/kesha/AppData/Local/Temp/UnrealXGEWorkingDir/
[2020.11.08-19.51.19:581][  0]LogXGEController: Cannot use XGE Controller as Incredibuild is not installed on this machine.
[2020.11.08-19.51.19:581][  0]LogShaderCompilers: Cannot use XGE Shader Compiler as Incredibuild is not installed on this machine.
[2020.11.08-19.51.19:581][  0]LogShaderCompilers: Display: Using Local Shader Compiler.
[2020.11.08-19.51.20:336][  0]LogDerivedDataCache: Display: Max Cache Size: 512 MB
[2020.11.08-19.51.20:404][  0]LogDerivedDataCache: Loaded boot cache 0.07s 75MB C:/Users/kesha/AppData/Local/UnrealEngine/4.25/DerivedDataCache/Boot.ddc.
[2020.11.08-19.51.20:404][  0]LogDerivedDataCache: Display: Loaded Boot cache: C:/Users/kesha/AppData/Local/UnrealEngine/4.25/DerivedDataCache/Boot.ddc
[2020.11.08-19.51.20:405][  0]LogDerivedDataCache: FDerivedDataBackendGraph:  Pak pak cache file ../../../../../../../Keshav/UOWD/346/Assignments/3DGame/Assignment3/DerivedDataCache/DDC.ddp not found, will not use a pak cache.
[2020.11.08-19.51.20:405][  0]LogDerivedDataCache: Unable to find inner node Pak for hierarchical cache Hierarchy.
[2020.11.08-19.51.20:405][  0]LogDerivedDataCache: FDerivedDataBackendGraph:  CompressedPak pak cache file ../../../../../../../Keshav/UOWD/346/Assignments/3DGame/Assignment3/DerivedDataCache/Compressed.ddp not found, will not use a pak cache.
[2020.11.08-19.51.20:405][  0]LogDerivedDataCache: Unable to find inner node CompressedPak for hierarchical cache Hierarchy.
[2020.11.08-19.51.20:417][  0]LogDerivedDataCache: Display: Pak cache opened for reading ../../../Engine/DerivedDataCache/Compressed.ddp.
[2020.11.08-19.51.20:417][  0]LogDerivedDataCache: FDerivedDataBackendGraph:  EnterprisePak pak cache file ../../../Enterprise/DerivedDataCache/Compressed.ddp not found, will not use a pak cache.
[2020.11.08-19.51.20:417][  0]LogDerivedDataCache: Unable to find inner node EnterprisePak for hierarchical cache Hierarchy.
[2020.11.08-19.51.20:418][  0]LogDerivedDataCache: Using Local data cache path C:/Users/kesha/AppData/Local/UnrealEngine/Common/DerivedDataCache: Writable
[2020.11.08-19.51.20:418][  0]LogDerivedDataCache: Shared data cache path not found in *engine.ini, will not use an Shared cache.
[2020.11.08-19.51.20:418][  0]LogDerivedDataCache: Unable to find inner node Shared for hierarchical cache Hierarchy.
[2020.11.08-19.51.20:469][  0]LogSlate: Using FreeType 2.10.0
[2020.11.08-19.51.20:469][  0]LogSlate: SlateFontServices - WITH_FREETYPE: 1, WITH_HARFBUZZ: 1
[2020.11.08-19.51.20:499][  0]LogAssetRegistry: FAssetRegistry took 0.0025 seconds to start up
[2020.11.08-19.51.20:754][  0]LogInit: Selected Device Profile: [Windows]
[2020.11.08-19.51.20:867][  0]LogMeshReduction: Using QuadricMeshReduction for automatic static mesh reduction
[2020.11.08-19.51.20:867][  0]LogMeshReduction: Using SimplygonMeshReduction for automatic skeletal mesh reduction
[2020.11.08-19.51.20:867][  0]LogMeshReduction: Using ProxyLODMeshReduction for automatic mesh merging
[2020.11.08-19.51.20:867][  0]LogMeshReduction: No distributed automatic mesh merging module available
[2020.11.08-19.51.20:867][  0]LogMeshMerging: No distributed automatic mesh merging module available
[2020.11.08-19.51.20:888][  0]LogNetVersion: Assignment3 1.0.0, NetCL: 13144385, EngineNetVer: 14, GameNetVer: 0 (Checksum: 757599187)
[2020.11.08-19.51.21:355][  0]LogAISub: UAISubsystem::UAISubsystem AISubsystem (0000022C1BCD1BC0), frame # 0
[2020.11.08-19.51.21:355][  0]LogAISub: UAISubsystem::UAISubsystem AIPerceptionSystem (0000022C1BC17C40), frame # 0
[2020.11.08-19.51.21:357][  0]LogAISub: UAISubsystem::UAISubsystem EnvQueryManager (0000022C1BC75E00), frame # 0
[2020.11.08-19.51.21:399][  0]LogPackageLocalizationCache: Processed 19 localized package path(s) for 1 prioritized culture(s) in 0.033639 seconds
[2020.11.08-19.51.21:406][  0]LogUObjectArray: 15917 objects as part of root set at end of initial load.
[2020.11.08-19.51.21:406][  0]LogUObjectAllocator: 3965568 out of 0 bytes used by permanent object pool.
[2020.11.08-19.51.21:406][  0]LogUObjectArray: CloseDisregardForGC: 0/0 objects in disregard for GC pool
[2020.11.08-19.51.21:773][  0]LogTcpMessaging: Initializing TcpMessaging bridge
[2020.11.08-19.51.21:778][  0]LogUdpMessaging: Initializing bridge on interface 0.0.0.0:0 to multicast group 230.0.0.1:6666.
[2020.11.08-19.51.21:831][  0]LogLinker: Warning: Failed to load '/Game/2DSideScrollerBP/2DSideScrollerOverview': Can't find file.
[2020.11.08-19.51.21:832][  0]LogLinker: Warning: Failed to load '/Game/2DSideScrollerBP/2DSideScrollerOverview': Can't find file.
[2020.11.08-19.51.21:832][  0]LogUObjectGlobals: Warning: Failed to find object 'Class /Game/2DSideScrollerBP/2DSideScrollerOverview.2DSideScrollerOverview_C'
[2020.11.08-19.51.21:866][  0]SourceControl: Source control is disabled
[2020.11.08-19.51.21:866][  0]SourceControl: Source control is disabled
[2020.11.08-19.51.21:871][  0]SourceControl: Source control is disabled
[2020.11.08-19.51.21:874][  0]SourceControl: Source control is disabled
[2020.11.08-19.51.21:884][  0]SourceControl: Source control is disabled
[2020.11.08-19.51.22:133][  0]LogAndroidPermission: UAndroidPermissionCallbackProxy::GetInstance
[2020.11.08-19.51.22:155][  0]LogAudioCaptureCore: Display: No Audio Capture implementations found. Audio input will be silent.
[2020.11.08-19.51.22:155][  0]LogAudioCaptureCore: Display: No Audio Capture implementations found. Audio input will be silent.
[2020.11.08-19.51.22:207][  0]LogOcInput: OculusInput pre-init called
[2020.11.08-19.51.22:218][  0]LogWindows: Failed to load 'OVRPlugin.dll' (GetLastError=126)
[2020.11.08-19.51.22:218][  0]LogWindows: File 'OVRPlugin.dll' does not exist
[2020.11.08-19.51.22:279][  0]LogEngine: Initializing Engine...
[2020.11.08-19.51.22:280][  0]LogHMD: Failed to initialize OpenVR with code 110
[2020.11.08-19.51.22:280][  0]LogMagicLeap: Warning: VR disabled because ZI is not enabled.  To enable, in the editor, Edit -> Project Settings -> Plugins -> Magic Leap Plugin -> Enable Zero Iteration
[2020.11.08-19.51.22:281][  0]LogStats: UGameplayTagsManager::InitializeManager -  0.000 s
[2020.11.08-19.51.22:419][  0]LogInit: Initializing FReadOnlyCVARCache
[2020.11.08-19.51.22:426][  0]LogAIModule: Creating AISystem for world Untitled
[2020.11.08-19.51.22:426][  0]LogAISub: UAISubsystem::UAISubsystem EnvQueryManager (0000022C1F803C00), frame # 0
[2020.11.08-19.51.22:426][  0]LogAISub: UAISubsystem::UAISubsystem AIPerceptionSystem (0000022C1F8A2340), frame # 0
[2020.11.08-19.51.22:456][  0]LogAudioMixer: Display: Audio Mixer Platform Settings:
[2020.11.08-19.51.22:456][  0]LogAudioMixer: Display: 	Sample Rate:						  48000
[2020.11.08-19.51.22:456][  0]LogAudioMixer: Display: 	Callback Buffer Frame Size Requested: 1024
[2020.11.08-19.51.22:456][  0]LogAudioMixer: Display: 	Callback Buffer Frame Size To Use:	  1024
[2020.11.08-19.51.22:456][  0]LogAudioMixer: Display: 	Number of buffers to queue:			  2
[2020.11.08-19.51.22:456][  0]LogAudioMixer: Display: 	Max Channels (voices):				  32
[2020.11.08-19.51.22:456][  0]LogAudioMixer: Display: 	Number of Async Source Workers:		  0
[2020.11.08-19.51.22:456][  0]LogAudio: Display: AudioDevice MaxSources: 32
[2020.11.08-19.51.22:456][  0]LogAudio: Display: Using built-in audio occlusion.
[2020.11.08-19.51.22:456][  0]LogAudioMixer: Display: Initializing audio mixer.
[2020.11.08-19.51.22:774][  0]LogAudioMixer: Display: 0: FrontLeft
[2020.11.08-19.51.22:774][  0]LogAudioMixer: Display: 1: FrontRight
[2020.11.08-19.51.22:774][  0]LogAudioMixer: Display: 2: FrontCenter
[2020.11.08-19.51.22:774][  0]LogAudioMixer: Display: 3: LowFrequency
[2020.11.08-19.51.22:774][  0]LogAudioMixer: Display: 4: BackLeft
[2020.11.08-19.51.22:774][  0]LogAudioMixer: Display: 5: BackRight
[2020.11.08-19.51.22:774][  0]LogAudioMixer: Display: 6: SideLeft
[2020.11.08-19.51.22:774][  0]LogAudioMixer: Display: 7: SideRight
[2020.11.08-19.51.23:071][  0]LogAudioMixer: Display: Using Audio Device Speakers (Realtek(R) Audio)
[2020.11.08-19.51.23:075][  0]LogAudioMixer: Display: Initializing Sound Submixes...
[2020.11.08-19.51.23:076][  0]LogAudioMixer: Display: Creating Master Submix 'MasterSubmixDefault'
[2020.11.08-19.51.23:076][  0]LogAudioMixer: Display: Creating Master Submix 'MasterReverbSubmixDefault'
[2020.11.08-19.51.23:077][  0]LogAudioMixer: Display: Creating Master Submix 'MasterEQSubmixDefault'
[2020.11.08-19.51.23:078][  0]LogInit: FAudioDevice initialized.
[2020.11.08-19.51.23:078][  0]LogNetVersion: Set ProjectVersion to 1.0.0.0. Version Checksum will be recalculated on next use.
[2020.11.08-19.51.23:245][  0]LogDerivedDataCache: Saved boot cache 0.17s 75MB C:/Users/kesha/AppData/Local/UnrealEngine/4.25/DerivedDataCache/Boot.ddc.
[2020.11.08-19.51.23:245][  0]LogInit: Texture streaming: Enabled
[2020.11.08-19.51.23:265][  0]LogEngineSessionManager: EngineSessionManager initialized
[2020.11.08-19.51.23:265][  0]LogEngineSessionManager: EngineSessionManager sent abnormal shutdown report. Type=AbnormalShutdown, SessionId={40FFB228-43EE-23EB-B277-8AA602CDC2EB}
[2020.11.08-19.51.23:265][  0]LogEditorSessionSummary: Verbose: Initializing EditorSessionSummaryWriter for editor session tracking
[2020.11.08-19.51.23:267][  0]LogEditorSessionSummary: EditorSessionSummaryWriter initialized
[2020.11.08-19.51.23:315][  0]LogInit: Transaction tracking system initialized
[2020.11.08-19.51.23:339][  0]BlueprintLog: New page: Editor Load
[2020.11.08-19.51.23:411][  0]LocalizationService: Localization service is disabled
[2020.11.08-19.51.23:566][  0]LogCook: Display: Max memory allowance for cook 16384mb min free memory 0mb
[2020.11.08-19.51.23:566][  0]LogCook: Display: Mobile HDR setting 1
[2020.11.08-19.51.23:713][  0]LogFileCache: Scanning file cache for directory 'D:/Keshav/UOWD/346/Assignments/3DGame/Assignment3/Content/' took 0.02s
[2020.11.08-19.51.23:940][  0]SourceControl: Source control is disabled
[2020.11.08-19.51.23:940][  0]LogUnrealEdMisc: Loading editor; pre map load, took 7.615
[2020.11.08-19.51.23:941][  0]Cmd: MAP LOAD FILE="../../../../../../../Keshav/UOWD/346/Assignments/3DGame/Assignment3/Content/ThirdPersonBP/Maps/ThirdPersonExampleMap.umap" TEMPLATE=0 SHOWPROGRESS=1 FEATURELEVEL=3
[2020.11.08-19.51.23:941][  0]LightingResults: New page: Lighting Build
[2020.11.08-19.51.23:943][  0]LogWorld: UWorld::CleanupWorld for Untitled, bSessionEnded=true, bCleanupResources=true
[2020.11.08-19.51.23:943][  0]LogSlate: InvalidateAllWidgets triggered.  All widgets were invalidated
[2020.11.08-19.51.23:943][  0]MapCheck: New page: Map Check
[2020.11.08-19.51.23:943][  0]LightingResults: New page: Lighting Build
[2020.11.08-19.51.23:952][  0]LogAISub: UAISubsystem::~UAISubsystem EnvQueryManager (0000022C1F803C00), frame # 0
[2020.11.08-19.51.23:952][  0]LogAISub: UAISubsystem::~UAISubsystem AIPerceptionSystem (0000022C1F8A2340), frame # 0
[2020.11.08-19.51.23:954][  0]LogUObjectHash: Compacting FUObjectHashTables data took   1.73ms
[2020.11.08-19.51.24:708][  0]LogAIModule: Creating AISystem for world ThirdPersonExampleMap
[2020.11.08-19.51.24:708][  0]LogAISub: UAISubsystem::UAISubsystem EnvQueryManager (0000022C2A3D2000), frame # 0
[2020.11.08-19.51.24:708][  0]LogAISub: UAISubsystem::UAISubsystem AIPerceptionSystem (0000022C2A93CA40), frame # 0
[2020.11.08-19.51.24:726][  0]LogEditorServer: Finished looking for orphan Actors (0.000 secs)
[2020.11.08-19.51.24:743][  0]LogUObjectHash: Compacting FUObjectHashTables data took   0.86ms
[2020.11.08-19.51.24:743][  0]Cmd: MAP CHECKDEP NOCLEARLOG
[2020.11.08-19.51.24:743][  0]MapCheck: Map check complete: 0 Error(s), 0 Warning(s), took 0.095ms to complete.
[2020.11.08-19.51.24:743][  0]LogFileHelpers: Loading map 'ThirdPersonExampleMap' took 0.802
[2020.11.08-19.51.24:745][  0]LogUnrealEdMisc: Total Editor Startup Time, took 8.419
[2020.11.08-19.51.24:865][  0]LogSlate: Updating window title bar state: overlay mode, drag disabled, window buttons hidden, title bar hidden
[2020.11.08-19.51.24:872][  0]LogSlate: Updating window title bar state: overlay mode, drag disabled, window buttons hidden, title bar hidden
[2020.11.08-19.51.24:879][  0]LogSlate: Updating window title bar state: overlay mode, drag disabled, window buttons hidden, title bar hidden
[2020.11.08-19.51.24:892][  0]LogSlate: Updating window title bar state: overlay mode, drag disabled, window buttons hidden, title bar hidden
[2020.11.08-19.51.24:898][  0]LogCollectionManager: Loaded 0 collections in 0.000849 seconds
[2020.11.08-19.51.24:911][  0]LogFileCache: Scanning file cache for directory 'D:/Keshav/UOWD/346/Assignments/3DGame/Assignment3/Saved/Collections/' took 0.00s
[2020.11.08-19.51.24:911][  0]LogFileCache: Scanning file cache for directory 'D:/Keshav/UOWD/346/Assignments/3DGame/Assignment3/Content/Developers/kesha/Collections/' took 0.00s
[2020.11.08-19.51.24:911][  0]LogFileCache: Scanning file cache for directory 'D:/Keshav/UOWD/346/Assignments/3DGame/Assignment3/Content/Collections/' took 0.00s
[2020.11.08-19.51.24:911][  0]LogContentBrowser: Native class hierarchy populated in 0.0100 seconds. Added 3427 classes and 821 folders.
[2020.11.08-19.51.24:915][  0]LogContentBrowser: Native class hierarchy updated for 'WidgetCarousel' in 0.0002 seconds. Added 0 classes and 0 folders.
[2020.11.08-19.51.24:967][  0]LogContentBrowser: Native class hierarchy updated for 'AddContentDialog' in 0.0002 seconds. Added 0 classes and 0 folders.
[2020.11.08-19.51.24:968][  0]LogContentBrowser: Native class hierarchy updated for 'SceneOutliner' in 0.0002 seconds. Added 2 classes and 0 folders.
[2020.11.08-19.51.25:101][  0]LogSlate: Took 0.000176 seconds to synchronously load lazily loaded font '../../../Engine/Content/Slate/Fonts/Roboto-Regular.ttf' (155K)
[2020.11.08-19.51.25:103][  0]LogSlate: Took 0.000236 seconds to synchronously load lazily loaded font '../../../Engine/Content/Slate/Fonts/Roboto-Bold.ttf' (160K)
[2020.11.08-19.51.25:109][  0]LogSlate: Took 0.000137 seconds to synchronously load lazily loaded font '../../../Engine/Content/Editor/Slate/Fonts/FontAwesome.ttf' (139K)
[2020.11.08-19.51.25:178][  0]LogRenderer: Reallocating scene render targets to support 256x256 Format 10 NumSamples 1 (Frame:1).
[2020.11.08-19.51.25:200][  0]LogRenderer: Reallocating scene render targets to support 1208x600 Format 10 NumSamples 1 (Frame:1).
[2020.11.08-19.51.25:397][  0]LogContentBrowser: Native class hierarchy updated for 'HierarchicalLODOutliner' in 0.0005 seconds. Added 0 classes and 0 folders.
[2020.11.08-19.51.25:397][  0]LogLoad: (Engine Initialization) Total time: 9.07 seconds
[2020.11.08-19.51.25:397][  0]LogLoad: (Engine Initialization) Total Blueprint compile time: 0.00 seconds
[2020.11.08-19.51.25:461][  0]LogAssetRegistry: Asset discovery search completed in 4.9621 seconds
[2020.11.08-19.51.25:465][  0]LogCollectionManager: Fixed up redirectors for 0 collections in 0.000003 seconds (updated 0 objects)
[2020.11.08-19.51.25:466][  0]LogContentStreaming: Texture pool size now 1000 MB
[2020.11.08-19.51.25:512][  0]LogSlate: Took 0.000329 seconds to synchronously load lazily loaded font '../../../Engine/Content/Slate/Fonts/Roboto-Light.ttf' (167K)
[2020.11.08-19.51.26:464][ 51]LogSlate: Took 0.000188 seconds to synchronously load lazily loaded font '../../../Engine/Content/Slate/Fonts/Roboto-Light.ttf' (167K)
[2020.11.08-19.51.26:951][ 70]LogTemp: Repeating last play command: New Editor Window (PIE)
[2020.11.08-19.51.26:970][ 70]LogPlayLevel: PlayLevel: No blueprints needed recompiling
[2020.11.08-19.51.26:970][ 70]PIE: New page: PIE session: ThirdPersonExampleMap (Nov 9, 2020, 3:51:26 AM)
[2020.11.08-19.51.26:971][ 70]LogOnline: OSS: Creating online subsystem instance for: NULL
[2020.11.08-19.51.26:972][ 70]LogOnline: OSS: TryLoadSubsystemAndSetDefault: Loaded subsystem for module [NULL]
[2020.11.08-19.51.26:972][ 70]LogPlayLevel: Creating play world package: /Game/ThirdPersonBP/Maps/UEDPIE_0_ThirdPersonExampleMap
[2020.11.08-19.51.26:987][ 70]LogPlayLevel: PIE: StaticDuplicateObject took: (0.014854s)
[2020.11.08-19.51.26:989][ 70]LogAIModule: Creating AISystem for world ThirdPersonExampleMap
[2020.11.08-19.51.26:990][ 70]LogAISub: UAISubsystem::UAISubsystem EnvQueryManager (0000022C50BA3E00), frame # 70
[2020.11.08-19.51.26:990][ 70]LogAISub: UAISubsystem::UAISubsystem AIPerceptionSystem (0000022C5A62B100), frame # 70
[2020.11.08-19.51.26:991][ 70]LogPlayLevel: PIE: World Init took: (0.003616s)
[2020.11.08-19.51.26:991][ 70]LogPlayLevel: PIE: Created PIE world by copying editor world from /Game/ThirdPersonBP/Maps/ThirdPersonExampleMap.ThirdPersonExampleMap to /Game/ThirdPersonBP/Maps/UEDPIE_0_ThirdPersonExampleMap.ThirdPersonExampleMap (0.018755s)
[2020.11.08-19.51.27:003][ 70]LogUObjectHash: Compacting FUObjectHashTables data took   0.65ms
[2020.11.08-19.51.27:005][ 70]LogAudioMixer: Display: Audio Mixer Platform Settings:
[2020.11.08-19.51.27:005][ 70]LogAudioMixer: Display: 	Sample Rate:						  48000
[2020.11.08-19.51.27:005][ 70]LogAudioMixer: Display: 	Callback Buffer Frame Size Requested: 1024
[2020.11.08-19.51.27:005][ 70]LogAudioMixer: Display: 	Callback Buffer Frame Size To Use:	  1024
[2020.11.08-19.51.27:005][ 70]LogAudioMixer: Display: 	Number of buffers to queue:			  2
[2020.11.08-19.51.27:005][ 70]LogAudioMixer: Display: 	Max Channels (voices):				  32
[2020.11.08-19.51.27:005][ 70]LogAudioMixer: Display: 	Number of Async Source Workers:		  0
[2020.11.08-19.51.27:005][ 70]LogAudio: Display: AudioDevice MaxSources: 32
[2020.11.08-19.51.27:005][ 70]LogAudio: Display: Using built-in audio occlusion.
[2020.11.08-19.51.27:005][ 70]LogAudioMixer: Display: Initializing audio mixer.
[2020.11.08-19.51.27:007][ 70]LogAudioMixer: Display: 0: FrontLeft
[2020.11.08-19.51.27:007][ 70]LogAudioMixer: Display: 1: FrontRight
[2020.11.08-19.51.27:007][ 70]LogAudioMixer: Display: 2: FrontCenter
[2020.11.08-19.51.27:007][ 70]LogAudioMixer: Display: 3: LowFrequency
[2020.11.08-19.51.27:007][ 70]LogAudioMixer: Display: 4: BackLeft
[2020.11.08-19.51.27:007][ 70]LogAudioMixer: Display: 5: BackRight
[2020.11.08-19.51.27:007][ 70]LogAudioMixer: Display: 6: SideLeft
[2020.11.08-19.51.27:007][ 70]LogAudioMixer: Display: 7: SideRight
[2020.11.08-19.51.27:048][ 70]LogAudioMixer: Display: Using Audio Device Speakers (Realtek(R) Audio)
[2020.11.08-19.51.27:048][ 70]LogAudioMixer: Display: Initializing Sound Submixes...
[2020.11.08-19.51.27:048][ 70]LogAudioMixer: Display: Creating Master Submix 'MasterSubmixDefault'
[2020.11.08-19.51.27:048][ 70]LogAudioMixer: Display: Creating Master Submix 'MasterReverbSubmixDefault'
[2020.11.08-19.51.27:048][ 70]LogAudioMixer: Display: Creating Master Submix 'MasterEQSubmixDefault'
[2020.11.08-19.51.27:062][ 70]LogInit: FAudioDevice initialized.
[2020.11.08-19.51.27:098][ 70]LogSlate: Updating window title bar state: overlay mode, drag disabled, window buttons hidden, title bar hidden
[2020.11.08-19.51.27:098][ 70]LogLoad: Game class is 'ThirdPersonGameMode_C'
[2020.11.08-19.51.27:102][ 70]LogWorld: Bringing World /Game/ThirdPersonBP/Maps/UEDPIE_0_ThirdPersonExampleMap.ThirdPersonExampleMap up for play (max tick rate 60) at 2020.11.08-23.51.27
[2020.11.08-19.51.27:103][ 70]LogWorld: Bringing up level for play took: 0.004076
[2020.11.08-19.51.27:104][ 70]LogOnline: OSS: Creating online subsystem instance for: :Context_3
[2020.11.08-19.51.27:107][ 70]LogContentBrowser: Native class hierarchy updated for 'MovieSceneCapture' in 0.0004 seconds. Added 20 classes and 0 folders.
[2020.11.08-19.51.27:113][ 70]PIE: Server logged in
[2020.11.08-19.51.27:114][ 70]PIE: Play in editor total start time 0.145 seconds.
[2020.11.08-19.51.27:206][ 72]LogRenderer: Reallocating scene render targets to support 1280x720 Format 10 NumSamples 1 (Frame:1).
[2020.11.08-19.51.34:813][523]LogBlueprintUserMessages: [ZombieAI_2] 0.1
[2020.11.08-19.51.34:815][523]LogBlueprintUserMessages: [ZombieAI_2] 0.1
[2020.11.08-19.51.34:901][528]LogBlueprintUserMessages: [ZombieAI_2] 0.1
[2020.11.08-19.51.34:989][533]LogBlueprintUserMessages: [ZombieAI_2] 0.1
[2020.11.08-19.51.35:090][539]LogBlueprintUserMessages: [ZombieAI_2] 0.1
[2020.11.08-19.51.35:190][545]LogBlueprintUserMessages: [ZombieAI_2] 0.1
[2020.11.08-19.51.36:994][653]LogBlueprintUserMessages: [ZombieAI2_5] 0.1
[2020.11.08-19.51.37:061][657]LogBlueprintUserMessages: [ZombieAI2_5] 0.1
[2020.11.08-19.51.37:161][663]LogBlueprintUserMessages: [ZombieAI2_5] 0.1
[2020.11.08-19.51.37:245][668]LogBlueprintUserMessages: [ZombieAI2_5] 0.1
[2020.11.08-19.51.37:330][673]LogBlueprintUserMessages: [ZombieAI2_5] 0.1
[2020.11.08-19.51.38:654][752]LogBlueprintUserMessages: [ZombieAI2_5] 0.1
[2020.11.08-19.51.38:669][753]LogBlueprintUserMessages: [ZombieAI_2] 0.1
[2020.11.08-19.51.38:770][759]LogBlueprintUserMessages: [ZombieAI_2] 0.1
[2020.11.08-19.51.38:851][764]LogBlueprintUserMessages: [ZombieAI_2] 0.1
[2020.11.08-19.51.38:936][769]LogBlueprintUserMessages: [ZombieAI_2] 0.1
[2020.11.08-19.51.39:036][775]LogBlueprintUserMessages: [ZombieAI_2] 0.1
[2020.11.08-19.51.39:136][781]LogBlueprintUserMessages: [ZombieAI_2] 0.1
[2020.11.08-19.51.39:237][787]LogBlueprintUserMessages: [ZombieAI_2] 0.1
[2020.11.08-19.51.39:336][793]LogBlueprintUserMessages: [ZombieAI_2] 0.1
[2020.11.08-19.51.39:440][799]LogBlueprintUserMessages: [ZombieAI_2] 0.1
[2020.11.08-19.51.41:904][946]LogBlueprintUserMessages: [ZombieAI2_5] 0.1
[2020.11.08-19.51.41:922][947]LogBlueprintUserMessages: [ZombieAI_2] 0.1
[2020.11.08-19.51.41:990][951]LogBlueprintUserMessages: [ZombieAI2_5] 0.1
[2020.11.08-19.51.42:007][952]LogBlueprintUserMessages: [ZombieAI_2] 0.1
[2020.11.08-19.51.42:072][956]LogBlueprintUserMessages: [ZombieAI2_5] 0.1
[2020.11.08-19.51.42:089][957]LogBlueprintUserMessages: [ZombieAI_2] 0.1
[2020.11.08-19.51.42:172][962]LogBlueprintUserMessages: [ZombieAI2_5] 0.1
[2020.11.08-19.51.42:189][963]LogBlueprintUserMessages: [ZombieAI_2] 0.1
[2020.11.08-19.51.42:256][967]LogBlueprintUserMessages: [ZombieAI2_5] 0.1
[2020.11.08-19.51.42:271][968]LogBlueprintUserMessages: [ZombieAI_2] 0.1
[2020.11.08-19.51.42:357][973]LogBlueprintUserMessages: [ZombieAI2_5] 0.1
[2020.11.08-19.51.42:358][973]LogBlueprintUserMessages: [ZombieAI_2] 0.1
[2020.11.08-19.51.42:457][979]LogBlueprintUserMessages: [ZombieAI2_5] 0.1
[2020.11.08-19.51.42:458][979]LogBlueprintUserMessages: [ZombieAI_2] 0.1
[2020.11.08-19.51.42:556][985]LogBlueprintUserMessages: [ZombieAI2_5] 0.1
[2020.11.08-19.51.42:571][986]LogBlueprintUserMessages: [ZombieAI_2] 0.1
[2020.11.08-19.51.51:230][505]LogBlueprintUserMessages: [ThirdPersonCharacter_167] Reload
[2020.11.08-19.52.07:200][463]LogAudio: Warning: Detected orphaned looping sound 'Smoke01_Cue'.
[2020.11.08-19.52.23:510][439]LogSlate: Updating window title bar state: overlay mode, drag disabled, window buttons hidden, title bar hidden
[2020.11.08-19.52.23:510][439]LogWorld: BeginTearingDown for /Game/ThirdPersonBP/Maps/UEDPIE_0_ThirdPersonExampleMap
[2020.11.08-19.52.23:510][439]LogSlate: Window 'Assignment3 Preview [NetMode: Standalone] (64-bit/Windows) ' being destroyed
[2020.11.08-19.52.23:516][439]LogWorld: UWorld::CleanupWorld for ThirdPersonExampleMap, bSessionEnded=true, bCleanupResources=true
[2020.11.08-19.52.23:517][439]LogSlate: InvalidateAllWidgets triggered.  All widgets were invalidated
[2020.11.08-19.52.23:529][439]LogPlayLevel: Display: Shutting down PIE online subsystems
[2020.11.08-19.52.23:532][439]LogSlate: InvalidateAllWidgets triggered.  All widgets were invalidated
[2020.11.08-19.52.23:591][439]LogAISub: UAISubsystem::~UAISubsystem AIPerceptionSystem (0000022C5A62B100), frame # 3439
[2020.11.08-19.52.23:591][439]LogAISub: UAISubsystem::~UAISubsystem EnvQueryManager (0000022C50BA3E00), frame # 3439
[2020.11.08-19.52.23:593][439]LogUObjectHash: Compacting FUObjectHashTables data took   1.12ms
[2020.11.08-19.52.23:623][440]LogPlayLevel: Display: Destroying online subsystem :Context_3
[2020.11.08-19.52.30:591][853]LogAssetEditorSubsystem: Opening Asset editor for Blueprint /Game/ThirdPersonBP/Blueprints/ThirdPersonCharacter.ThirdPersonCharacter
[2020.11.08-19.52.30:773][853]LogContentBrowser: Native class hierarchy updated for 'BlueprintGraph' in 0.0010 seconds. Added 125 classes and 0 folders.
[2020.11.08-19.52.31:626][853]LogSlate: Took 0.000151 seconds to synchronously load lazily loaded font '../../../Engine/Content/Slate/Fonts/Roboto-BoldCondensed.ttf' (158K)
[2020.11.08-19.52.35:215][993]LogSlate: Took 0.000184 seconds to synchronously load lazily loaded font '../../../Engine/Content/Slate/Fonts/Roboto-Italic.ttf' (157K)
[2020.11.08-19.52.45:181][498]BlueprintLog: New page: Compile ThirdPersonCharacter
[2020.11.08-19.52.45:301][498]LogUObjectHash: Compacting FUObjectHashTables data took   4.41ms
[2020.11.08-19.52.45:550][498]LogSlate: Took 0.000103 seconds to synchronously load lazily loaded font '../../../Engine/Content/Slate/Fonts/DroidSansMono.ttf' (77K)
[2020.11.08-19.52.45:809][500]LogSavePackage: Moving '../../../../../../../Keshav/UOWD/346/Assignments/3DGame/Assignment3/Saved/ThirdPersonCharacter4468897F476F76ADC3FF97BCA6215A90.tmp' to '../../../../../../../Keshav/UOWD/346/Assignments/3DGame/Assignment3/Content/ThirdPersonBP/Blueprints/ThirdPersonCharacter.uasset'
[2020.11.08-19.52.45:824][500]AssetCheck: New page: Asset Save: ThirdPersonCharacter
[2020.11.08-19.52.45:824][500]LogContentValidation: Display: Validating Blueprint /Game/ThirdPersonBP/Blueprints/ThirdPersonCharacter.ThirdPersonCharacter
[2020.11.08-19.52.52:574][869]LogAssetEditorSubsystem: Opening Asset editor for Blueprint /Game/ThirdPersonBP/Blueprints/Weapons/Projectile_Base.Projectile_Base
[2020.11.08-19.53.27:568][776]LogAssetEditorSubsystem: Opening Asset editor for Blueprint /Game/ThirdPersonBP/Blueprints/Weapons/AK47/AK47Weapon_Base.AK47Weapon_Base
[2020.11.08-19.54.39:985][881]LogSavePackage: Moving '../../../../../../../Keshav/UOWD/346/Assignments/3DGame/Assignment3/Saved/ThirdPersonCharacter1DE7B1A142927535483E6A969DC1CB48.tmp' to '../../../../../../../Keshav/UOWD/346/Assignments/3DGame/Assignment3/Content/ThirdPersonBP/Blueprints/ThirdPersonCharacter.uasset'
[2020.11.08-19.54.40:001][881]AssetCheck: New page: Asset Save: ThirdPersonCharacter
[2020.11.08-19.54.40:001][881]LogContentValidation: Display: Validating Blueprint /Game/ThirdPersonBP/Blueprints/ThirdPersonCharacter.ThirdPersonCharacter
[2020.11.08-19.55.11:685][582]LogTemp: Repeating last play command: New Editor Window (PIE)
[2020.11.08-19.55.11:701][582]LogPlayLevel: PlayLevel: No blueprints needed recompiling
[2020.11.08-19.55.11:701][582]PIE: New page: PIE session: ThirdPersonExampleMap (Nov 9, 2020, 3:55:11 AM)
[2020.11.08-19.55.11:701][582]LogPlayLevel: Creating play world package: /Game/ThirdPersonBP/Maps/UEDPIE_0_ThirdPersonExampleMap
[2020.11.08-19.55.11:714][582]LogPlayLevel: PIE: StaticDuplicateObject took: (0.012778s)
[2020.11.08-19.55.11:715][582]LogAIModule: Creating AISystem for world ThirdPersonExampleMap
[2020.11.08-19.55.11:715][582]LogAISub: UAISubsystem::UAISubsystem EnvQueryManager (0000022CC8FC9200), frame # 12582
[2020.11.08-19.55.11:715][582]LogAISub: UAISubsystem::UAISubsystem AIPerceptionSystem (0000022CC13DA5C0), frame # 12582
[2020.11.08-19.55.11:715][582]LogPlayLevel: PIE: World Init took: (0.001331s)
[2020.11.08-19.55.11:715][582]LogPlayLevel: PIE: Created PIE world by copying editor world from /Game/ThirdPersonBP/Maps/ThirdPersonExampleMap.ThirdPersonExampleMap to /Game/ThirdPersonBP/Maps/UEDPIE_0_ThirdPersonExampleMap.ThirdPersonExampleMap (0.014221s)
[2020.11.08-19.55.11:746][582]LogUObjectHash: Compacting FUObjectHashTables data took   2.12ms
[2020.11.08-19.55.11:749][582]LogAudioMixer: Display: Audio Mixer Platform Settings:
[2020.11.08-19.55.11:749][582]LogAudioMixer: Display: 	Sample Rate:						  48000
[2020.11.08-19.55.11:749][582]LogAudioMixer: Display: 	Callback Buffer Frame Size Requested: 1024
[2020.11.08-19.55.11:749][582]LogAudioMixer: Display: 	Callback Buffer Frame Size To Use:	  1024
[2020.11.08-19.55.11:749][582]LogAudioMixer: Display: 	Number of buffers to queue:			  2
[2020.11.08-19.55.11:749][582]LogAudioMixer: Display: 	Max Channels (voices):				  32
[2020.11.08-19.55.11:749][582]LogAudioMixer: Display: 	Number of Async Source Workers:		  0
[2020.11.08-19.55.11:749][582]LogAudio: Display: AudioDevice MaxSources: 32
[2020.11.08-19.55.11:749][582]LogAudio: Display: Using built-in audio occlusion.
[2020.11.08-19.55.11:749][582]LogAudioMixer: Display: Initializing audio mixer.
[2020.11.08-19.55.11:751][582]LogAudioMixer: Display: 0: FrontLeft
[2020.11.08-19.55.11:751][582]LogAudioMixer: Display: 1: FrontRight
[2020.11.08-19.55.11:751][582]LogAudioMixer: Display: 2: FrontCenter
[2020.11.08-19.55.11:751][582]LogAudioMixer: Display: 3: LowFrequency
[2020.11.08-19.55.11:751][582]LogAudioMixer: Display: 4: BackLeft
[2020.11.08-19.55.11:751][582]LogAudioMixer: Display: 5: BackRight
[2020.11.08-19.55.11:751][582]LogAudioMixer: Display: 6: SideLeft
[2020.11.08-19.55.11:751][582]LogAudioMixer: Display: 7: SideRight
[2020.11.08-19.55.11:793][582]LogAudioMixer: Display: Using Audio Device Speakers (Realtek(R) Audio)
[2020.11.08-19.55.11:793][582]LogAudioMixer: Display: Initializing Sound Submixes...
[2020.11.08-19.55.11:793][582]LogAudioMixer: Display: Creating Master Submix 'MasterSubmixDefault'
[2020.11.08-19.55.11:793][582]LogAudioMixer: Display: Creating Master Submix 'MasterReverbSubmixDefault'
[2020.11.08-19.55.11:794][582]LogAudioMixer: Display: Creating Master Submix 'MasterEQSubmixDefault'
[2020.11.08-19.55.11:808][582]LogInit: FAudioDevice initialized.
[2020.11.08-19.55.11:841][582]LogSlate: Updating window title bar state: overlay mode, drag disabled, window buttons hidden, title bar hidden
[2020.11.08-19.55.11:841][582]LogLoad: Game class is 'ThirdPersonGameMode_C'
[2020.11.08-19.55.11:845][582]LogWorld: Bringing World /Game/ThirdPersonBP/Maps/UEDPIE_0_ThirdPersonExampleMap.ThirdPersonExampleMap up for play (max tick rate 60) at 2020.11.08-23.55.11
[2020.11.08-19.55.11:845][582]LogWorld: Bringing up level for play took: 0.003294
[2020.11.08-19.55.11:846][582]LogOnline: OSS: Creating online subsystem instance for: :Context_9
[2020.11.08-19.55.11:860][582]PIE: Server logged in
[2020.11.08-19.55.11:865][582]PIE: Play in editor total start time 0.166 seconds.
[2020.11.08-19.55.14:390][684]LogBlueprintUserMessages: [ZombieAI2_5] 0.1
[2020.11.08-19.55.14:489][688]LogBlueprintUserMessages: [ZombieAI2_5] 0.1
[2020.11.08-19.55.14:584][692]LogBlueprintUserMessages: [ZombieAI2_5] 0.1
[2020.11.08-19.55.15:018][710]LogBlueprintUserMessages: [ZombieAI2_5] 0.1
[2020.11.08-19.55.15:144][715]LogBlueprintUserMessages: [ZombieAI2_5] 0.1
[2020.11.08-19.55.15:221][718]LogBlueprintUserMessages: [ZombieAI2_5] 0.1
[2020.11.08-19.55.15:340][723]LogBlueprintUserMessages: [ZombieAI2_5] 0.1
[2020.11.08-19.55.15:438][727]LogBlueprintUserMessages: [ZombieAI2_5] 0.1
[2020.11.08-19.55.15:537][731]LogBlueprintUserMessages: [ZombieAI2_5] 0.1
[2020.11.08-19.55.15:634][735]LogBlueprintUserMessages: [ZombieAI2_5] 0.1
[2020.11.08-19.55.15:636][735]LogBlueprintUserMessages: [ZombieAI2_5] 0.1
[2020.11.08-19.55.15:741][739]LogBlueprintUserMessages: [ZombieAI2_5] 0.1
[2020.11.08-19.55.20:883][952]LogBlueprintUserMessages: [ZombieAI_2] 0.1
[2020.11.08-19.55.20:984][956]LogBlueprintUserMessages: [ZombieAI_2] 0.1
[2020.11.08-19.55.21:106][961]LogBlueprintUserMessages: [ZombieAI_2] 0.1
[2020.11.08-19.55.21:203][965]LogBlueprintUserMessages: [ZombieAI_2] 0.1
[2020.11.08-19.55.21:957][996]LogBlueprintUserMessages: [ZombieAI_2] 0.1
[2020.11.08-19.55.22:057][  0]LogBlueprintUserMessages: [ZombieAI_2] 0.1
[2020.11.08-19.55.22:153][  4]LogBlueprintUserMessages: [ZombieAI_2] 0.1
[2020.11.08-19.55.22:278][  9]LogBlueprintUserMessages: [ZombieAI_2] 0.1
[2020.11.08-19.55.22:399][ 14]LogBlueprintUserMessages: [ZombieAI_2] 0.1
[2020.11.08-19.55.22:496][ 18]LogBlueprintUserMessages: [ZombieAI_2] 0.1
[2020.11.08-19.55.22:722][ 27]LogBlueprintUserMessages: [ZombieAI_2] 0.1
[2020.11.08-19.55.33:228][467]LogSlate: Updating window title bar state: overlay mode, drag disabled, window buttons hidden, title bar hidden
[2020.11.08-19.55.33:228][467]LogWorld: BeginTearingDown for /Game/ThirdPersonBP/Maps/UEDPIE_0_ThirdPersonExampleMap
[2020.11.08-19.55.33:229][467]LogSlate: Window 'Assignment3 Preview [NetMode: Standalone] (64-bit/Windows) ' being destroyed
[2020.11.08-19.55.33:236][467]LogWorld: UWorld::CleanupWorld for ThirdPersonExampleMap, bSessionEnded=true, bCleanupResources=true
[2020.11.08-19.55.33:237][467]LogSlate: InvalidateAllWidgets triggered.  All widgets were invalidated
[2020.11.08-19.55.33:246][467]LogPlayLevel: Display: Shutting down PIE online subsystems
[2020.11.08-19.55.33:251][467]LogSlate: InvalidateAllWidgets triggered.  All widgets were invalidated
[2020.11.08-19.55.33:319][467]LogAISub: UAISubsystem::~UAISubsystem AIPerceptionSystem (0000022CC13DA5C0), frame # 13467
[2020.11.08-19.55.33:320][467]LogAISub: UAISubsystem::~UAISubsystem EnvQueryManager (0000022CC8FC9200), frame # 13467
[2020.11.08-19.55.33:323][467]LogUObjectHash: Compacting FUObjectHashTables data took   2.50ms
[2020.11.08-19.55.33:371][468]LogPlayLevel: Display: Destroying online subsystem :Context_9
[2020.11.08-19.56.03:679][126]BlueprintLog: New page: Compile ThirdPersonCharacter
[2020.11.08-19.56.03:797][126]LogUObjectHash: Compacting FUObjectHashTables data took   1.76ms
[2020.11.08-19.56.04:357][133]LogSavePackage: Moving '../../../../../../../Keshav/UOWD/346/Assignments/3DGame/Assignment3/Saved/ThirdPersonCharacterF5A20CF24947E839CDEE40BAE8915B1A.tmp' to '../../../../../../../Keshav/UOWD/346/Assignments/3DGame/Assignment3/Content/ThirdPersonBP/Blueprints/ThirdPersonCharacter.uasset'
[2020.11.08-19.56.04:370][133]AssetCheck: New page: Asset Save: ThirdPersonCharacter
[2020.11.08-19.56.04:370][133]LogContentValidation: Display: Validating Blueprint /Game/ThirdPersonBP/Blueprints/ThirdPersonCharacter.ThirdPersonCharacter
[2020.11.08-19.56.18:437][922]LogAssetEditorSubsystem: Opening Asset editor for Blueprint /Game/ThirdPersonBP/Blueprints/AI/Zombie/ZombieAI.ZombieAI
[2020.11.08-19.57.01:888][446]LogUObjectHash: Compacting FUObjectHashTables data took   2.09ms
[2020.11.08-19.57.01:931][446]LogSavePackage: Moving '../../../../../../../Keshav/UOWD/346/Assignments/3DGame/Assignment3/Saved/ThirdPersonExampleMap6434ADD04E603E0619D9B48D64D5B805.tmp' to '../../../../../../../Keshav/UOWD/346/Assignments/3DGame/Assignment3/Content/ThirdPersonBP/Maps/ThirdPersonExampleMap.umap'
[2020.11.08-19.57.02:075][446]LogSavePackage: Moving '../../../../../../../Keshav/UOWD/346/Assignments/3DGame/Assignment3/Saved/ThirdPersonExampleMap_BuiltData8C2CADC34C46A72E096D58AD442571D9.tmp' to '../../../../../../../Keshav/UOWD/346/Assignments/3DGame/Assignment3/Content/ThirdPersonBP/Maps/ThirdPersonExampleMap_BuiltData.uasset'
[2020.11.08-19.57.02:096][446]AssetCheck: New page: Asset Save: multiple assets
[2020.11.08-19.57.02:096][446]LogContentValidation: Display: Validating World /Game/ThirdPersonBP/Maps/ThirdPersonExampleMap.ThirdPersonExampleMap
[2020.11.08-19.57.02:096][446]LogContentValidation: Display: Validating MapBuildDataRegistry /Game/ThirdPersonBP/Maps/ThirdPersonExampleMap_BuiltData.ThirdPersonExampleMap_BuiltData
[2020.11.08-19.57.59:346][663]BlueprintLog: New page: Compile ZombieAI
[2020.11.08-19.57.59:428][663]LogUObjectHash: Compacting FUObjectHashTables data took   3.30ms
[2020.11.08-19.57.59:849][678]LogSavePackage: Moving '../../../../../../../Keshav/UOWD/346/Assignments/3DGame/Assignment3/Saved/ZombieAI74D7F3B74FB1BD5B97EBA88C9CA6E981.tmp' to '../../../../../../../Keshav/UOWD/346/Assignments/3DGame/Assignment3/Content/ThirdPersonBP/Blueprints/AI/Zombie/ZombieAI.uasset'
[2020.11.08-19.57.59:864][678]AssetCheck: New page: Asset Save: ZombieAI
[2020.11.08-19.57.59:864][678]LogContentValidation: Display: Validating Blueprint /Game/ThirdPersonBP/Blueprints/AI/Zombie/ZombieAI.ZombieAI
[2020.11.08-19.58.02:284][789]LogRenderer: Reallocating scene render targets to support 1280x724 Format 10 NumSamples 1 (Frame:1).
[2020.11.08-19.58.30:957][342]BlueprintLog: New page: Compile ZombieAI
[2020.11.08-19.58.31:048][342]LogUObjectHash: Compacting FUObjectHashTables data took   2.29ms
[2020.11.08-19.58.31:433][356]LogSavePackage: Moving '../../../../../../../Keshav/UOWD/346/Assignments/3DGame/Assignment3/Saved/ZombieAIE91797954872C1633DF60B9B0A3B384C.tmp' to '../../../../../../../Keshav/UOWD/346/Assignments/3DGame/Assignment3/Content/ThirdPersonBP/Blueprints/AI/Zombie/ZombieAI.uasset'
[2020.11.08-19.58.31:454][356]AssetCheck: New page: Asset Save: ZombieAI
[2020.11.08-19.58.31:454][356]LogContentValidation: Display: Validating Blueprint /Game/ThirdPersonBP/Blueprints/AI/Zombie/ZombieAI.ZombieAI
[2020.11.08-19.59.17:841][985]BlueprintLog: New page: Compile ZombieAI
[2020.11.08-19.59.17:911][985]LogUObjectHash: Compacting FUObjectHashTables data took   2.56ms
[2020.11.08-19.59.18:281][998]LogSavePackage: Moving '../../../../../../../Keshav/UOWD/346/Assignments/3DGame/Assignment3/Saved/ZombieAI0818A0E44D373B12D60014B7F57CBC04.tmp' to '../../../../../../../Keshav/UOWD/346/Assignments/3DGame/Assignment3/Content/ThirdPersonBP/Blueprints/AI/Zombie/ZombieAI.uasset'
[2020.11.08-19.59.18:298][998]AssetCheck: New page: Asset Save: ZombieAI
[2020.11.08-19.59.18:298][998]LogContentValidation: Display: Validating Blueprint /Game/ThirdPersonBP/Blueprints/AI/Zombie/ZombieAI.ZombieAI
[2020.11.08-19.59.42:810][438]BlueprintLog: New page: Compile ZombieAI
[2020.11.08-19.59.42:880][438]LogUObjectHash: Compacting FUObjectHashTables data took   2.61ms
[2020.11.08-19.59.43:349][456]LogSavePackage: Moving '../../../../../../../Keshav/UOWD/346/Assignments/3DGame/Assignment3/Saved/ZombieAI035A60BA4FC8000933CA719BB1B13924.tmp' to '../../../../../../../Keshav/UOWD/346/Assignments/3DGame/Assignment3/Content/ThirdPersonBP/Blueprints/AI/Zombie/ZombieAI.uasset'
[2020.11.08-19.59.43:367][456]AssetCheck: New page: Asset Save: ZombieAI
[2020.11.08-19.59.43:368][456]LogContentValidation: Display: Validating Blueprint /Game/ThirdPersonBP/Blueprints/AI/Zombie/ZombieAI.ZombieAI
[2020.11.08-20.01.42:382][796]BlueprintLog: New page: Compile ThirdPersonCharacter
[2020.11.08-20.01.42:512][796]LogUObjectHash: Compacting FUObjectHashTables data took   2.25ms
[2020.11.08-20.01.43:248][809]LogSavePackage: Moving '../../../../../../../Keshav/UOWD/346/Assignments/3DGame/Assignment3/Saved/ThirdPersonCharacter7C776F684B23C44B08C1009048C2637B.tmp' to '../../../../../../../Keshav/UOWD/346/Assignments/3DGame/Assignment3/Content/ThirdPersonBP/Blueprints/ThirdPersonCharacter.uasset'
[2020.11.08-20.01.43:263][809]AssetCheck: New page: Asset Save: ThirdPersonCharacter
[2020.11.08-20.01.43:263][809]LogContentValidation: Display: Validating Blueprint /Game/ThirdPersonBP/Blueprints/ThirdPersonCharacter.ThirdPersonCharacter
[2020.11.08-20.02.05:653][970]LogSavePackage: Moving '../../../../../../../Keshav/UOWD/346/Assignments/3DGame/Assignment3/Saved/ThirdPersonCharacter21B1030445FF7DB8275FC6808F4C934F.tmp' to '../../../../../../../Keshav/UOWD/346/Assignments/3DGame/Assignment3/Content/ThirdPersonBP/Blueprints/ThirdPersonCharacter.uasset'
[2020.11.08-20.02.05:671][970]AssetCheck: New page: Asset Save: ThirdPersonCharacter
[2020.11.08-20.02.05:671][970]LogContentValidation: Display: Validating Blueprint /Game/ThirdPersonBP/Blueprints/ThirdPersonCharacter.ThirdPersonCharacter
[2020.11.08-20.02.19:737][762]BlueprintLog: New page: Compile ZombieAI
[2020.11.08-20.02.19:809][762]LogUObjectHash: Compacting FUObjectHashTables data took   2.19ms
[2020.11.08-20.02.20:444][790]LogSavePackage: Moving '../../../../../../../Keshav/UOWD/346/Assignments/3DGame/Assignment3/Saved/ZombieAI1DF0B75C43EC992D9D6273B3E209B89A.tmp' to '../../../../../../../Keshav/UOWD/346/Assignments/3DGame/Assignment3/Content/ThirdPersonBP/Blueprints/AI/Zombie/ZombieAI.uasset'
[2020.11.08-20.02.20:459][790]AssetCheck: New page: Asset Save: ZombieAI
[2020.11.08-20.02.20:459][790]LogContentValidation: Display: Validating Blueprint /Game/ThirdPersonBP/Blueprints/AI/Zombie/ZombieAI.ZombieAI
[2020.11.08-20.03.24:162][237]BlueprintLog: New page: Compile ZombieAI
[2020.11.08-20.03.24:231][237]LogUObjectHash: Compacting FUObjectHashTables data took   2.45ms
[2020.11.08-20.03.24:586][249]LogSavePackage: Moving '../../../../../../../Keshav/UOWD/346/Assignments/3DGame/Assignment3/Saved/ZombieAI72D2899D47F7451624314EA03CC2FA79.tmp' to '../../../../../../../Keshav/UOWD/346/Assignments/3DGame/Assignment3/Content/ThirdPersonBP/Blueprints/AI/Zombie/ZombieAI.uasset'
[2020.11.08-20.03.24:604][249]AssetCheck: New page: Asset Save: ZombieAI
[2020.11.08-20.03.24:604][249]LogContentValidation: Display: Validating Blueprint /Game/ThirdPersonBP/Blueprints/AI/Zombie/ZombieAI.ZombieAI
[2020.11.08-20.03.52:108][655]BlueprintLog: New page: Compile ThirdPersonCharacter
[2020.11.08-20.03.52:241][655]LogUObjectHash: Compacting FUObjectHashTables data took   2.51ms
[2020.11.08-20.03.52:720][659]LogSavePackage: Moving '../../../../../../../Keshav/UOWD/346/Assignments/3DGame/Assignment3/Saved/ThirdPersonCharacter92FE1D17462796A80917DB917D0D1EE6.tmp' to '../../../../../../../Keshav/UOWD/346/Assignments/3DGame/Assignment3/Content/ThirdPersonBP/Blueprints/ThirdPersonCharacter.uasset'
[2020.11.08-20.03.52:733][659]AssetCheck: New page: Asset Save: ThirdPersonCharacter
[2020.11.08-20.03.52:733][659]LogContentValidation: Display: Validating Blueprint /Game/ThirdPersonBP/Blueprints/ThirdPersonCharacter.ThirdPersonCharacter
[2020.11.08-20.04.39:282][ 64]BlueprintLog: New page: Compile AK47Weapon_Base
[2020.11.08-20.04.39:390][ 64]LogUObjectHash: Compacting FUObjectHashTables data took   4.62ms
[2020.11.08-20.04.39:806][ 81]LogSavePackage: Moving '../../../../../../../Keshav/UOWD/346/Assignments/3DGame/Assignment3/Saved/AK47Weapon_Base00769A4341BF7ACBBFA6628E987746A9.tmp' to '../../../../../../../Keshav/UOWD/346/Assignments/3DGame/Assignment3/Content/ThirdPersonBP/Blueprints/Weapons/AK47/AK47Weapon_Base.uasset'
[2020.11.08-20.04.39:829][ 81]AssetCheck: New page: Asset Save: AK47Weapon_Base
[2020.11.08-20.04.39:829][ 81]LogContentValidation: Display: Validating Blueprint /Game/ThirdPersonBP/Blueprints/Weapons/AK47/AK47Weapon_Base.AK47Weapon_Base
[2020.11.08-20.04.53:134][871]LogSlate: Window 'ZombieAI' being destroyed
[2020.11.08-20.04.53:142][871]LogSlate: Window 'ZombieAI' being destroyed
[2020.11.08-20.04.53:161][871]LogWorld: UWorld::CleanupWorld for World_3, bSessionEnded=true, bCleanupResources=true
[2020.11.08-20.04.53:161][871]LogSlate: InvalidateAllWidgets triggered.  All widgets were invalidated
[2020.11.08-20.04.53:221][871]LogActorComponent: UnregisterComponent: (/Engine/Transient.EditorFloorComp) Not registered. Aborting.
[2020.11.08-20.04.53:221][871]LogWorld: UWorld::CleanupWorld for World_5, bSessionEnded=true, bCleanupResources=true
[2020.11.08-20.04.53:221][871]LogSlate: InvalidateAllWidgets triggered.  All widgets were invalidated
[2020.11.08-20.04.53:290][871]LogActorComponent: UnregisterComponent: (/Engine/Transient.EditorFloorComp) Not registered. Aborting.
[2020.11.08-20.04.53:290][871]LogWorld: UWorld::CleanupWorld for World_6, bSessionEnded=true, bCleanupResources=true
[2020.11.08-20.04.53:290][871]LogSlate: InvalidateAllWidgets triggered.  All widgets were invalidated
[2020.11.08-20.04.53:361][871]LogActorComponent: UnregisterComponent: (/Engine/Transient.EditorFloorComp) Not registered. Aborting.
[2020.11.08-20.04.53:361][871]LogWorld: UWorld::CleanupWorld for World_14, bSessionEnded=true, bCleanupResources=true
[2020.11.08-20.04.53:361][871]LogSlate: InvalidateAllWidgets triggered.  All widgets were invalidated
[2020.11.08-20.05.21:264][419]LogUObjectHash: Compacting FUObjectHashTables data took   2.15ms
[2020.11.08-20.05.23:484][547]LogUObjectHash: Compacting FUObjectHashTables data took   3.74ms
[2020.11.08-20.05.23:514][547]LogSavePackage: Moving '../../../../../../../Keshav/UOWD/346/Assignments/3DGame/Assignment3/Saved/ThirdPersonExampleMap9D0A5AE34A298EF85A7D9DAA0EA74E37.tmp' to '../../../../../../../Keshav/UOWD/346/Assignments/3DGame/Assignment3/Content/ThirdPersonBP/Maps/ThirdPersonExampleMap.umap'
[2020.11.08-20.05.23:607][547]LogSavePackage: Moving '../../../../../../../Keshav/UOWD/346/Assignments/3DGame/Assignment3/Saved/ThirdPersonExampleMap_BuiltDataF4FE0B694F026BC82EB4F680F842CC81.tmp' to '../../../../../../../Keshav/UOWD/346/Assignments/3DGame/Assignment3/Content/ThirdPersonBP/Maps/ThirdPersonExampleMap_BuiltData.uasset'
[2020.11.08-20.05.23:624][547]AssetCheck: New page: Asset Save: multiple assets
[2020.11.08-20.05.23:624][547]LogContentValidation: Display: Validating World /Game/ThirdPersonBP/Maps/ThirdPersonExampleMap.ThirdPersonExampleMap
[2020.11.08-20.05.23:624][547]LogContentValidation: Display: Validating MapBuildDataRegistry /Game/ThirdPersonBP/Maps/ThirdPersonExampleMap_BuiltData.ThirdPersonExampleMap_BuiltData
[2020.11.08-20.05.25:317][647]LogUObjectHash: Compacting FUObjectHashTables data took   2.14ms
[2020.11.08-20.05.26:155][647]LogSlate: Window 'Save Content' being destroyed
[2020.11.08-20.05.26:220][647]LogUObjectHash: Compacting FUObjectHashTables data took   1.94ms
[2020.11.08-20.05.26:246][647]LogSavePackage: Moving '../../../../../../../Keshav/UOWD/346/Assignments/3DGame/Assignment3/Saved/Hisham23BF35E04C32EDC82A0DC29985E4BA08.tmp' to '../../../../../../../Keshav/UOWD/346/Assignments/3DGame/Assignment3/Content/ThirdPersonBP/Maps/Hisham.umap'
[2020.11.08-20.05.26:257][647]LogFileHelpers: Saving map 'Hisham' took 0.069
[2020.11.08-20.05.26:272][647]AssetCheck: New page: Asset Save: Hisham
[2020.11.08-20.05.26:272][647]LogContentValidation: Display: Validating World /Game/ThirdPersonBP/Maps/Hisham.Hisham
[2020.11.08-20.05.42:853][639]LogUObjectHash: Compacting FUObjectHashTables data took   1.54ms
[2020.11.08-20.05.44:853][754]LogUObjectHash: Compacting FUObjectHashTables data took   1.62ms
[2020.11.08-20.05.44:879][754]LogSavePackage: Moving '../../../../../../../Keshav/UOWD/346/Assignments/3DGame/Assignment3/Saved/ThirdPersonExampleMap6999EC8249B26B3DEC2A0AA0CF3AED62.tmp' to '../../../../../../../Keshav/UOWD/346/Assignments/3DGame/Assignment3/Content/ThirdPersonBP/Maps/ThirdPersonExampleMap.umap'
[2020.11.08-20.05.44:967][754]LogSavePackage: Moving '../../../../../../../Keshav/UOWD/346/Assignments/3DGame/Assignment3/Saved/ThirdPersonExampleMap_BuiltDataC450DAEF4AE7062B42D564ADD2CC70E5.tmp' to '../../../../../../../Keshav/UOWD/346/Assignments/3DGame/Assignment3/Content/ThirdPersonBP/Maps/ThirdPersonExampleMap_BuiltData.uasset'
[2020.11.08-20.05.44:983][754]AssetCheck: New page: Asset Save: multiple assets
[2020.11.08-20.05.44:983][754]LogContentValidation: Display: Validating World /Game/ThirdPersonBP/Maps/ThirdPersonExampleMap.ThirdPersonExampleMap
[2020.11.08-20.05.44:983][754]LogContentValidation: Display: Validating MapBuildDataRegistry /Game/ThirdPersonBP/Maps/ThirdPersonExampleMap_BuiltData.ThirdPersonExampleMap_BuiltData
[2020.11.08-20.05.46:998][874]LogUObjectHash: Compacting FUObjectHashTables data took   0.46ms
[2020.11.08-20.05.47:949][874]LogSlate: Window 'Save Content' being destroyed
[2020.11.08-20.05.48:019][874]LogUObjectHash: Compacting FUObjectHashTables data took   1.29ms
[2020.11.08-20.05.48:048][874]LogSavePackage: Moving '../../../../../../../Keshav/UOWD/346/Assignments/3DGame/Assignment3/Saved/Level017FE79BA64073934ED30CD590A7663161.tmp' to '../../../../../../../Keshav/UOWD/346/Assignments/3DGame/Assignment3/Content/ThirdPersonBP/Maps/Level01.umap'
[2020.11.08-20.05.48:058][874]LogFileHelpers: Saving map 'Level01' took 0.070
[2020.11.08-20.05.48:072][874]AssetCheck: New page: Asset Save: Level01
[2020.11.08-20.05.48:073][874]LogContentValidation: Display: Validating World /Game/ThirdPersonBP/Maps/Level01.Level01
[2020.11.08-20.05.54:976][284]LogUObjectHash: Compacting FUObjectHashTables data took   1.53ms
[2020.11.08-20.05.57:962][461]LogObjectTools: Deleting 1 worlds: /Game/ThirdPersonBP/Maps/MainMenu.MainMenu
[2020.11.08-20.05.57:962][461]LogObjectTools: Currently 14 active worlds: /Game/ThirdPersonBP/Maps/ThirdPersonExampleMap.ThirdPersonExampleMap, /Engine/Transient.World_0, /Engine/Transient.World_1, /Engine/Transient.World_2, /Engine/Transient.World_4, /Engine/Transient.World_7, /Engine/Transient.World_8, /Engine/Transient.World_9, /Engine/Transient.World_10, /Engine/Transient.World_11, /Engine/Transient.World_12, /Engine/Transient.World_13, /Engine/Transient.World_15, /Engine/Transient.World_16
[2020.11.08-20.05.57:982][461]LogUObjectHash: Compacting FUObjectHashTables data took   1.47ms
[2020.11.08-20.05.58:856][461]LogSlate: Window 'Delete Assets' being destroyed
[2020.11.08-20.05.58:884][461]LogWorld: UWorld::CleanupWorld for MainMenu, bSessionEnded=true, bCleanupResources=true
[2020.11.08-20.05.58:884][461]LogSlate: InvalidateAllWidgets triggered.  All widgets were invalidated
[2020.11.08-20.05.58:966][461]LogUObjectHash: Compacting FUObjectHashTables data took   2.90ms
